
2025-01-03 15:32:23,554 DEBUG o.a.p.o.o.PackageRelationshipCollection [main] Parsing relationship: /xl/_rels/workbook.xml.rels
2025-01-03 15:32:23,558 DEBUG o.a.p.o.o.PackageRelationshipCollection [main] Parsing relationship: /xl/worksheets/_rels/sheet1.xml.rels
2025-01-03 15:32:23,559 DEBUG o.a.p.o.o.PackageRelationshipCollection [main] Parsing relationship: /_rels/.rels
2025-01-03 15:32:23,656 TRACE o.a.x.i.c.XBeanDebug [main] Loading type system org.apache.poi.schemas.ooxml.system.ooxml
2025-01-03 15:32:23,658 TRACE o.a.x.i.c.XBeanDebug [main] Loading type system org.apache.xmlbeans.metadata.system.sXMLCONFIG
2025-01-03 15:32:23,659 TRACE o.a.x.i.c.XBeanDebug [main] Loading type system org.apache.xmlbeans.metadata.system.sXMLLANG
2025-01-03 15:32:23,659 TRACE o.a.x.i.c.XBeanDebug [main] Loading type system org.apache.xmlbeans.metadata.system.sXMLSCHEMA
2025-01-03 15:32:23,660 TRACE o.a.x.i.c.XBeanDebug [main] Loading type system org.apache.xmlbeans.metadata.system.sXMLTOOLS
2025-01-03 15:32:23,660 TRACE o.a.x.i.c.XBeanDebug [main] Reading unresolved handles for type system org.apache.xmlbeans.metadata.system.sXMLTOOLS
2025-01-03 15:32:23,668 TRACE o.a.x.i.c.XBeanDebug [main] Finished loading type system org.apache.xmlbeans.metadata.system.sXMLTOOLS
2025-01-03 15:32:23,669 TRACE o.a.x.i.c.XBeanDebug [main] Reading unresolved handles for type system org.apache.xmlbeans.metadata.system.sXMLSCHEMA
2025-01-03 15:32:23,672 TRACE o.a.x.i.c.XBeanDebug [main] Finished loading type system org.apache.xmlbeans.metadata.system.sXMLSCHEMA
2025-01-03 15:32:23,672 TRACE o.a.x.i.c.XBeanDebug [main] Reading unresolved handles for type system org.apache.xmlbeans.metadata.system.sXMLLANG
2025-01-03 15:32:23,674 TRACE o.a.x.i.c.XBeanDebug [main] Finished loading type system org.apache.xmlbeans.metadata.system.sXMLLANG
2025-01-03 15:32:23,674 TRACE o.a.x.i.c.XBeanDebug [main] Reading unresolved handles for type system org.apache.xmlbeans.metadata.system.sXMLCONFIG
2025-01-03 15:32:23,676 TRACE o.a.x.i.c.XBeanDebug [main] Finished loading type system org.apache.xmlbeans.metadata.system.sXMLCONFIG
2025-01-03 15:32:23,677 TRACE o.a.x.i.c.XBeanDebug [main] Reading unresolved handles for type system org.apache.poi.schemas.ooxml.system.ooxml
2025-01-03 15:32:23,712 TRACE o.a.x.i.c.XBeanDebug [main] Finished loading type system org.apache.poi.schemas.ooxml.system.ooxml
2025-01-03 15:32:23,713 TRACE o.a.x.i.c.XBeanDebug [main] Resolving type for handle themefd26doctype
2025-01-03 15:32:23,743 TRACE o.a.x.i.c.XBeanDebug [main] Resolving type for handle stylesheet5d8bdoctype
2025-01-03 15:32:23,748 TRACE o.a.x.i.c.XBeanDebug [main] Resolving type for handle ctstylesheet4257type
2025-01-03 15:32:23,750 TRACE o.a.x.i.c.XBeanDebug [main] Resolving type for handle ctfonts6623type
2025-01-03 15:32:23,752 TRACE o.a.x.i.c.XBeanDebug [main] Resolving type for handle ctfont14d8type
2025-01-03 15:32:23,756 TRACE o.a.x.i.c.XBeanDebug [main] Resolving type for handle ctfills2c6ftype
2025-01-03 15:32:23,758 TRACE o.a.x.i.c.XBeanDebug [main] Resolving type for handle ctfill550ctype
2025-01-03 15:32:23,759 TRACE o.a.x.i.c.XBeanDebug [main] Resolving type for handle ctborders0d66type
2025-01-03 15:32:23,760 TRACE o.a.x.i.c.XBeanDebug [main] Resolving type for handle ctborderf935type
2025-01-03 15:32:23,762 TRACE o.a.x.i.c.XBeanDebug [main] Resolving type for handle ctcellxfs1322type
2025-01-03 15:32:23,763 TRACE o.a.x.i.c.XBeanDebug [main] Resolving type for handle ctxf97f7type
2025-01-03 15:32:23,765 TRACE o.a.x.i.c.XBeanDebug [main] Resolving type for handle ctcellstylexfsa81ftype
2025-01-03 15:32:23,767 TRACE o.a.x.i.c.XBeanDebug [main] Resolving type for handle ctdxfsb26atype
2025-01-03 15:32:23,768 TRACE o.a.x.i.c.XBeanDebug [main] Resolving type for handle sstf81fdoctype
2025-01-03 15:32:23,771 TRACE o.a.x.i.c.XBeanDebug [main] Resolving type for handle ctsst44f3type
2025-01-03 15:32:23,777 TRACE o.a.x.i.c.XBeanDebug [main] Resolving type for handle ctrsta472type
2025-01-03 15:32:23,791 TRACE o.a.x.i.c.XBeanDebug [main] Resolving type for handle ctdrawing2748type
2025-01-03 15:32:23,794 TRACE o.a.x.i.c.XBeanDebug [main] Resolving type for handle workbookec17doctype
2025-01-03 15:32:23,797 TRACE o.a.x.i.c.XBeanDebug [main] Resolving type for handle ctworkbook83c3type
2025-01-03 15:32:23,800 TRACE o.a.x.i.c.XBeanDebug [main] Resolving type for handle ctsheets49fdtype
2025-01-03 15:32:23,801 TRACE o.a.x.i.c.XBeanDebug [main] Resolving type for handle ctsheet4dbetype
2025-01-03 15:32:23,802 TRACE o.a.x.i.c.XBeanDebug [main] Resolving type for handle strelationshipid1e94type
2025-01-03 15:32:23,804 TRACE o.a.x.i.c.XBeanDebug [main] Resolving type for handle worksheetf539doctype
2025-01-03 15:32:23,810 TRACE o.a.x.i.c.XBeanDebug [main] Resolving type for handle ctworksheet530dtype
2025-01-03 15:32:23,815 TRACE o.a.x.i.c.XBeanDebug [main] Resolving type for handle ctcols627ctype
2025-01-03 15:32:23,823 TRACE o.a.x.i.c.XBeanDebug [main] Resolving type for handle ctsheetdata8408type
2025-01-03 15:32:23,826 TRACE o.a.x.i.c.XBeanDebug [main] Resolving type for handle ctrowdd39type
2025-01-03 15:32:23,830 TRACE o.a.x.i.c.XBeanDebug [main] Resolving type for handle ctcell842btype
2025-01-03 15:32:23,834 TRACE o.a.x.i.c.XBeanDebug [main] Resolving type for handle stcellrefe4e0type
2025-01-03 15:32:23,840 TRACE o.a.x.i.c.XBeanDebug [main] Resolving type for handle ctdefinednamesce48type
2025-01-03 15:32:23,846 TRACE o.a.x.i.c.XBeanDebug [main] Resolving type for handle ctbookviewsb864type
2025-01-03 15:32:23,846 TRACE o.a.x.i.c.XBeanDebug [main] Resolving type for handle ctbookviewf677type
2025-01-03 15:32:23,850 TRACE o.a.x.i.c.XBeanDebug [main] Resolving type for handle stcelltypebf95type
2025-01-03 15:32:23,853 TRACE o.a.x.i.c.XBeanDebug [main] Resolving type for handle stxstringf179type
2025-01-03 15:32:23,858 TRACE o.a.x.i.c.XBeanDebug [main] Resolving type for handle stcellstylexfid70c7type
2025-01-03 15:32:23,860 TRACE o.a.x.i.c.XBeanDebug [main] Resolving type for handle stnumfmtid76fbtype
2025-01-03 15:34:33,881 DEBUG o.a.p.o.o.PackageRelationshipCollection [main] Parsing relationship: /xl/_rels/workbook.xml.rels
2025-01-03 15:34:33,885 DEBUG o.a.p.o.o.PackageRelationshipCollection [main] Parsing relationship: /xl/worksheets/_rels/sheet1.xml.rels
2025-01-03 15:34:33,886 DEBUG o.a.p.o.o.PackageRelationshipCollection [main] Parsing relationship: /_rels/.rels
2025-01-03 15:34:33,980 TRACE o.a.x.i.c.XBeanDebug [main] Loading type system org.apache.poi.schemas.ooxml.system.ooxml
2025-01-03 15:34:33,982 TRACE o.a.x.i.c.XBeanDebug [main] Loading type system org.apache.xmlbeans.metadata.system.sXMLCONFIG
2025-01-03 15:34:33,982 TRACE o.a.x.i.c.XBeanDebug [main] Loading type system org.apache.xmlbeans.metadata.system.sXMLLANG
2025-01-03 15:34:33,983 TRACE o.a.x.i.c.XBeanDebug [main] Loading type system org.apache.xmlbeans.metadata.system.sXMLSCHEMA
2025-01-03 15:34:33,983 TRACE o.a.x.i.c.XBeanDebug [main] Loading type system org.apache.xmlbeans.metadata.system.sXMLTOOLS
2025-01-03 15:34:33,984 TRACE o.a.x.i.c.XBeanDebug [main] Reading unresolved handles for type system org.apache.xmlbeans.metadata.system.sXMLTOOLS
2025-01-03 15:34:33,992 TRACE o.a.x.i.c.XBeanDebug [main] Finished loading type system org.apache.xmlbeans.metadata.system.sXMLTOOLS
2025-01-03 15:34:33,992 TRACE o.a.x.i.c.XBeanDebug [main] Reading unresolved handles for type system org.apache.xmlbeans.metadata.system.sXMLSCHEMA
2025-01-03 15:34:33,995 TRACE o.a.x.i.c.XBeanDebug [main] Finished loading type system org.apache.xmlbeans.metadata.system.sXMLSCHEMA
2025-01-03 15:34:33,996 TRACE o.a.x.i.c.XBeanDebug [main] Reading unresolved handles for type system org.apache.xmlbeans.metadata.system.sXMLLANG
2025-01-03 15:34:33,996 TRACE o.a.x.i.c.XBeanDebug [main] Finished loading type system org.apache.xmlbeans.metadata.system.sXMLLANG
2025-01-03 15:34:33,997 TRACE o.a.x.i.c.XBeanDebug [main] Reading unresolved handles for type system org.apache.xmlbeans.metadata.system.sXMLCONFIG
2025-01-03 15:34:33,997 TRACE o.a.x.i.c.XBeanDebug [main] Finished loading type system org.apache.xmlbeans.metadata.system.sXMLCONFIG
2025-01-03 15:34:33,998 TRACE o.a.x.i.c.XBeanDebug [main] Reading unresolved handles for type system org.apache.poi.schemas.ooxml.system.ooxml
2025-01-03 15:34:34,032 TRACE o.a.x.i.c.XBeanDebug [main] Finished loading type system org.apache.poi.schemas.ooxml.system.ooxml
2025-01-03 15:34:34,033 TRACE o.a.x.i.c.XBeanDebug [main] Resolving type for handle themefd26doctype
2025-01-03 15:34:34,062 TRACE o.a.x.i.c.XBeanDebug [main] Resolving type for handle stylesheet5d8bdoctype
2025-01-03 15:34:34,066 TRACE o.a.x.i.c.XBeanDebug [main] Resolving type for handle ctstylesheet4257type
2025-01-03 15:34:34,069 TRACE o.a.x.i.c.XBeanDebug [main] Resolving type for handle ctfonts6623type
2025-01-03 15:34:34,071 TRACE o.a.x.i.c.XBeanDebug [main] Resolving type for handle ctfont14d8type
2025-01-03 15:34:34,074 TRACE o.a.x.i.c.XBeanDebug [main] Resolving type for handle ctfills2c6ftype
2025-01-03 15:34:34,076 TRACE o.a.x.i.c.XBeanDebug [main] Resolving type for handle ctfill550ctype
2025-01-03 15:34:34,077 TRACE o.a.x.i.c.XBeanDebug [main] Resolving type for handle ctborders0d66type
2025-01-03 15:34:34,078 TRACE o.a.x.i.c.XBeanDebug [main] Resolving type for handle ctborderf935type
2025-01-03 15:34:34,079 TRACE o.a.x.i.c.XBeanDebug [main] Resolving type for handle ctcellxfs1322type
2025-01-03 15:34:34,080 TRACE o.a.x.i.c.XBeanDebug [main] Resolving type for handle ctxf97f7type
2025-01-03 15:34:34,082 TRACE o.a.x.i.c.XBeanDebug [main] Resolving type for handle ctcellstylexfsa81ftype
2025-01-03 15:34:34,083 TRACE o.a.x.i.c.XBeanDebug [main] Resolving type for handle ctdxfsb26atype
2025-01-03 15:34:34,085 TRACE o.a.x.i.c.XBeanDebug [main] Resolving type for handle sstf81fdoctype
2025-01-03 15:34:34,089 TRACE o.a.x.i.c.XBeanDebug [main] Resolving type for handle ctsst44f3type
2025-01-03 15:34:34,095 TRACE o.a.x.i.c.XBeanDebug [main] Resolving type for handle ctrsta472type
2025-01-03 15:34:34,110 TRACE o.a.x.i.c.XBeanDebug [main] Resolving type for handle ctdrawing2748type
2025-01-03 15:34:34,113 TRACE o.a.x.i.c.XBeanDebug [main] Resolving type for handle workbookec17doctype
2025-01-03 15:34:34,116 TRACE o.a.x.i.c.XBeanDebug [main] Resolving type for handle ctworkbook83c3type
2025-01-03 15:34:34,118 TRACE o.a.x.i.c.XBeanDebug [main] Resolving type for handle ctsheets49fdtype
2025-01-03 15:34:34,120 TRACE o.a.x.i.c.XBeanDebug [main] Resolving type for handle ctsheet4dbetype
2025-01-03 15:34:34,121 TRACE o.a.x.i.c.XBeanDebug [main] Resolving type for handle strelationshipid1e94type
2025-01-03 15:34:34,122 TRACE o.a.x.i.c.XBeanDebug [main] Resolving type for handle worksheetf539doctype
2025-01-03 15:34:34,128 TRACE o.a.x.i.c.XBeanDebug [main] Resolving type for handle ctworksheet530dtype
2025-01-03 15:34:34,135 TRACE o.a.x.i.c.XBeanDebug [main] Resolving type for handle ctcols627ctype
2025-01-03 15:34:34,145 TRACE o.a.x.i.c.XBeanDebug [main] Resolving type for handle ctsheetdata8408type
2025-01-03 15:34:34,148 TRACE o.a.x.i.c.XBeanDebug [main] Resolving type for handle ctrowdd39type
2025-01-03 15:34:34,152 TRACE o.a.x.i.c.XBeanDebug [main] Resolving type for handle ctcell842btype
2025-01-03 15:34:34,156 TRACE o.a.x.i.c.XBeanDebug [main] Resolving type for handle stcellrefe4e0type
2025-01-03 15:34:34,162 TRACE o.a.x.i.c.XBeanDebug [main] Resolving type for handle ctdefinednamesce48type
2025-01-03 15:34:34,164 TRACE o.a.x.i.c.XBeanDebug [main] Resolving type for handle ctbookviewsb864type
2025-01-03 15:34:34,165 TRACE o.a.x.i.c.XBeanDebug [main] Resolving type for handle ctbookviewf677type
2025-01-03 15:34:34,168 TRACE o.a.x.i.c.XBeanDebug [main] Resolving type for handle stcelltypebf95type
2025-01-03 15:34:34,169 TRACE o.a.x.i.c.XBeanDebug [main] Resolving type for handle stxstringf179type
2025-01-03 15:34:34,175 TRACE o.a.x.i.c.XBeanDebug [main] Resolving type for handle stcellstylexfid70c7type
2025-01-03 15:34:34,178 TRACE o.a.x.i.c.XBeanDebug [main] Resolving type for handle stnumfmtid76fbtype
2025-01-03 15:56:39,488 DEBUG o.a.p.o.o.PackageRelationshipCollection [main] Parsing relationship: /xl/_rels/workbook.xml.rels
2025-01-03 15:56:39,491 DEBUG o.a.p.o.o.PackageRelationshipCollection [main] Parsing relationship: /xl/worksheets/_rels/sheet1.xml.rels
2025-01-03 15:56:39,492 DEBUG o.a.p.o.o.PackageRelationshipCollection [main] Parsing relationship: /_rels/.rels
2025-01-03 15:56:39,591 TRACE o.a.x.i.c.XBeanDebug [main] Loading type system org.apache.poi.schemas.ooxml.system.ooxml
2025-01-03 15:56:39,594 TRACE o.a.x.i.c.XBeanDebug [main] Loading type system org.apache.xmlbeans.metadata.system.sXMLCONFIG
2025-01-03 15:56:39,595 TRACE o.a.x.i.c.XBeanDebug [main] Loading type system org.apache.xmlbeans.metadata.system.sXMLLANG
2025-01-03 15:56:39,595 TRACE o.a.x.i.c.XBeanDebug [main] Loading type system org.apache.xmlbeans.metadata.system.sXMLSCHEMA
2025-01-03 15:56:39,595 TRACE o.a.x.i.c.XBeanDebug [main] Loading type system org.apache.xmlbeans.metadata.system.sXMLTOOLS
2025-01-03 15:56:39,596 TRACE o.a.x.i.c.XBeanDebug [main] Reading unresolved handles for type system org.apache.xmlbeans.metadata.system.sXMLTOOLS
2025-01-03 15:56:39,603 TRACE o.a.x.i.c.XBeanDebug [main] Finished loading type system org.apache.xmlbeans.metadata.system.sXMLTOOLS
2025-01-03 15:56:39,604 TRACE o.a.x.i.c.XBeanDebug [main] Reading unresolved handles for type system org.apache.xmlbeans.metadata.system.sXMLSCHEMA
2025-01-03 15:56:39,607 TRACE o.a.x.i.c.XBeanDebug [main] Finished loading type system org.apache.xmlbeans.metadata.system.sXMLSCHEMA
2025-01-03 15:56:39,608 TRACE o.a.x.i.c.XBeanDebug [main] Reading unresolved handles for type system org.apache.xmlbeans.metadata.system.sXMLLANG
2025-01-03 15:56:39,608 TRACE o.a.x.i.c.XBeanDebug [main] Finished loading type system org.apache.xmlbeans.metadata.system.sXMLLANG
2025-01-03 15:56:39,609 TRACE o.a.x.i.c.XBeanDebug [main] Reading unresolved handles for type system org.apache.xmlbeans.metadata.system.sXMLCONFIG
2025-01-03 15:56:39,609 TRACE o.a.x.i.c.XBeanDebug [main] Finished loading type system org.apache.xmlbeans.metadata.system.sXMLCONFIG
2025-01-03 15:56:39,610 TRACE o.a.x.i.c.XBeanDebug [main] Reading unresolved handles for type system org.apache.poi.schemas.ooxml.system.ooxml
2025-01-03 15:56:39,640 TRACE o.a.x.i.c.XBeanDebug [main] Finished loading type system org.apache.poi.schemas.ooxml.system.ooxml
2025-01-03 15:56:39,640 TRACE o.a.x.i.c.XBeanDebug [main] Resolving type for handle themefd26doctype
2025-01-03 15:56:39,668 TRACE o.a.x.i.c.XBeanDebug [main] Resolving type for handle stylesheet5d8bdoctype
2025-01-03 15:56:39,672 TRACE o.a.x.i.c.XBeanDebug [main] Resolving type for handle ctstylesheet4257type
2025-01-03 15:56:39,674 TRACE o.a.x.i.c.XBeanDebug [main] Resolving type for handle ctfonts6623type
2025-01-03 15:56:39,676 TRACE o.a.x.i.c.XBeanDebug [main] Resolving type for handle ctfont14d8type
2025-01-03 15:56:39,679 TRACE o.a.x.i.c.XBeanDebug [main] Resolving type for handle ctfills2c6ftype
2025-01-03 15:56:39,680 TRACE o.a.x.i.c.XBeanDebug [main] Resolving type for handle ctfill550ctype
2025-01-03 15:56:39,681 TRACE o.a.x.i.c.XBeanDebug [main] Resolving type for handle ctborders0d66type
2025-01-03 15:56:39,683 TRACE o.a.x.i.c.XBeanDebug [main] Resolving type for handle ctborderf935type
2025-01-03 15:56:39,684 TRACE o.a.x.i.c.XBeanDebug [main] Resolving type for handle ctcellxfs1322type
2025-01-03 15:56:39,686 TRACE o.a.x.i.c.XBeanDebug [main] Resolving type for handle ctxf97f7type
2025-01-03 15:56:39,688 TRACE o.a.x.i.c.XBeanDebug [main] Resolving type for handle ctcellstylexfsa81ftype
2025-01-03 15:56:39,689 TRACE o.a.x.i.c.XBeanDebug [main] Resolving type for handle ctdxfsb26atype
2025-01-03 15:56:39,691 TRACE o.a.x.i.c.XBeanDebug [main] Resolving type for handle sstf81fdoctype
2025-01-03 15:56:39,695 TRACE o.a.x.i.c.XBeanDebug [main] Resolving type for handle ctsst44f3type
2025-01-03 15:56:39,708 TRACE o.a.x.i.c.XBeanDebug [main] Resolving type for handle ctrsta472type
2025-01-03 15:56:39,721 TRACE o.a.x.i.c.XBeanDebug [main] Resolving type for handle ctdrawing2748type
2025-01-03 15:56:39,724 TRACE o.a.x.i.c.XBeanDebug [main] Resolving type for handle workbookec17doctype
2025-01-03 15:56:39,727 TRACE o.a.x.i.c.XBeanDebug [main] Resolving type for handle ctworkbook83c3type
2025-01-03 15:56:39,729 TRACE o.a.x.i.c.XBeanDebug [main] Resolving type for handle ctsheets49fdtype
2025-01-03 15:56:39,730 TRACE o.a.x.i.c.XBeanDebug [main] Resolving type for handle ctsheet4dbetype
2025-01-03 15:56:39,732 TRACE o.a.x.i.c.XBeanDebug [main] Resolving type for handle strelationshipid1e94type
2025-01-03 15:56:39,734 TRACE o.a.x.i.c.XBeanDebug [main] Resolving type for handle worksheetf539doctype
2025-01-03 15:56:39,739 TRACE o.a.x.i.c.XBeanDebug [main] Resolving type for handle ctworksheet530dtype
2025-01-03 15:56:39,745 TRACE o.a.x.i.c.XBeanDebug [main] Resolving type for handle ctcols627ctype
2025-01-03 15:56:39,752 TRACE o.a.x.i.c.XBeanDebug [main] Resolving type for handle ctsheetdata8408type
2025-01-03 15:56:39,755 TRACE o.a.x.i.c.XBeanDebug [main] Resolving type for handle ctrowdd39type
2025-01-03 15:56:39,758 TRACE o.a.x.i.c.XBeanDebug [main] Resolving type for handle ctcell842btype
2025-01-03 15:56:39,762 TRACE o.a.x.i.c.XBeanDebug [main] Resolving type for handle stcellrefe4e0type
2025-01-03 15:56:39,768 TRACE o.a.x.i.c.XBeanDebug [main] Resolving type for handle ctdefinednamesce48type
2025-01-03 15:56:39,770 TRACE o.a.x.i.c.XBeanDebug [main] Resolving type for handle ctbookviewsb864type
2025-01-03 15:56:39,771 TRACE o.a.x.i.c.XBeanDebug [main] Resolving type for handle ctbookviewf677type
2025-01-03 15:56:39,774 TRACE o.a.x.i.c.XBeanDebug [main] Resolving type for handle stcelltypebf95type
2025-01-03 15:56:39,776 TRACE o.a.x.i.c.XBeanDebug [main] Resolving type for handle stxstringf179type
2025-01-03 15:56:39,781 TRACE o.a.x.i.c.XBeanDebug [main] Resolving type for handle stcellstylexfid70c7type
2025-01-03 15:56:39,782 TRACE o.a.x.i.c.XBeanDebug [main] Resolving type for handle stnumfmtid76fbtype
2025-01-03 15:57:17,889 DEBUG o.a.p.o.o.PackageRelationshipCollection [main] Parsing relationship: /xl/_rels/workbook.xml.rels
2025-01-03 15:57:17,892 DEBUG o.a.p.o.o.PackageRelationshipCollection [main] Parsing relationship: /xl/worksheets/_rels/sheet1.xml.rels
2025-01-03 15:57:17,894 DEBUG o.a.p.o.o.PackageRelationshipCollection [main] Parsing relationship: /_rels/.rels
2025-01-03 15:57:17,987 TRACE o.a.x.i.c.XBeanDebug [main] Loading type system org.apache.poi.schemas.ooxml.system.ooxml
2025-01-03 15:57:17,997 TRACE o.a.x.i.c.XBeanDebug [main] Loading type system org.apache.xmlbeans.metadata.system.sXMLCONFIG
2025-01-03 15:57:17,998 TRACE o.a.x.i.c.XBeanDebug [main] Loading type system org.apache.xmlbeans.metadata.system.sXMLLANG
2025-01-03 15:57:17,998 TRACE o.a.x.i.c.XBeanDebug [main] Loading type system org.apache.xmlbeans.metadata.system.sXMLSCHEMA
2025-01-03 15:57:17,998 TRACE o.a.x.i.c.XBeanDebug [main] Loading type system org.apache.xmlbeans.metadata.system.sXMLTOOLS
2025-01-03 15:57:17,999 TRACE o.a.x.i.c.XBeanDebug [main] Reading unresolved handles for type system org.apache.xmlbeans.metadata.system.sXMLTOOLS
2025-01-03 15:57:18,006 TRACE o.a.x.i.c.XBeanDebug [main] Finished loading type system org.apache.xmlbeans.metadata.system.sXMLTOOLS
2025-01-03 15:57:18,006 TRACE o.a.x.i.c.XBeanDebug [main] Reading unresolved handles for type system org.apache.xmlbeans.metadata.system.sXMLSCHEMA
2025-01-03 15:57:18,009 TRACE o.a.x.i.c.XBeanDebug [main] Finished loading type system org.apache.xmlbeans.metadata.system.sXMLSCHEMA
2025-01-03 15:57:18,009 TRACE o.a.x.i.c.XBeanDebug [main] Reading unresolved handles for type system org.apache.xmlbeans.metadata.system.sXMLLANG
2025-01-03 15:57:18,010 TRACE o.a.x.i.c.XBeanDebug [main] Finished loading type system org.apache.xmlbeans.metadata.system.sXMLLANG
2025-01-03 15:57:18,010 TRACE o.a.x.i.c.XBeanDebug [main] Reading unresolved handles for type system org.apache.xmlbeans.metadata.system.sXMLCONFIG
2025-01-03 15:57:18,011 TRACE o.a.x.i.c.XBeanDebug [main] Finished loading type system org.apache.xmlbeans.metadata.system.sXMLCONFIG
2025-01-03 15:57:18,011 TRACE o.a.x.i.c.XBeanDebug [main] Reading unresolved handles for type system org.apache.poi.schemas.ooxml.system.ooxml
2025-01-03 15:57:18,042 TRACE o.a.x.i.c.XBeanDebug [main] Finished loading type system org.apache.poi.schemas.ooxml.system.ooxml
2025-01-03 15:57:18,043 TRACE o.a.x.i.c.XBeanDebug [main] Resolving type for handle themefd26doctype
2025-01-03 15:57:18,071 TRACE o.a.x.i.c.XBeanDebug [main] Resolving type for handle stylesheet5d8bdoctype
2025-01-03 15:57:18,076 TRACE o.a.x.i.c.XBeanDebug [main] Resolving type for handle ctstylesheet4257type
2025-01-03 15:57:18,078 TRACE o.a.x.i.c.XBeanDebug [main] Resolving type for handle ctfonts6623type
2025-01-03 15:57:18,080 TRACE o.a.x.i.c.XBeanDebug [main] Resolving type for handle ctfont14d8type
2025-01-03 15:57:18,083 TRACE o.a.x.i.c.XBeanDebug [main] Resolving type for handle ctfills2c6ftype
2025-01-03 15:57:18,085 TRACE o.a.x.i.c.XBeanDebug [main] Resolving type for handle ctfill550ctype
2025-01-03 15:57:18,086 TRACE o.a.x.i.c.XBeanDebug [main] Resolving type for handle ctborders0d66type
2025-01-03 15:57:18,087 TRACE o.a.x.i.c.XBeanDebug [main] Resolving type for handle ctborderf935type
2025-01-03 15:57:18,089 TRACE o.a.x.i.c.XBeanDebug [main] Resolving type for handle ctcellxfs1322type
2025-01-03 15:57:18,090 TRACE o.a.x.i.c.XBeanDebug [main] Resolving type for handle ctxf97f7type
2025-01-03 15:57:18,092 TRACE o.a.x.i.c.XBeanDebug [main] Resolving type for handle ctcellstylexfsa81ftype
2025-01-03 15:57:18,094 TRACE o.a.x.i.c.XBeanDebug [main] Resolving type for handle ctdxfsb26atype
2025-01-03 15:57:18,096 TRACE o.a.x.i.c.XBeanDebug [main] Resolving type for handle sstf81fdoctype
2025-01-03 15:57:18,100 TRACE o.a.x.i.c.XBeanDebug [main] Resolving type for handle ctsst44f3type
2025-01-03 15:57:18,105 TRACE o.a.x.i.c.XBeanDebug [main] Resolving type for handle ctrsta472type
2025-01-03 15:57:18,119 TRACE o.a.x.i.c.XBeanDebug [main] Resolving type for handle ctdrawing2748type
2025-01-03 15:57:18,122 TRACE o.a.x.i.c.XBeanDebug [main] Resolving type for handle workbookec17doctype
2025-01-03 15:57:18,125 TRACE o.a.x.i.c.XBeanDebug [main] Resolving type for handle ctworkbook83c3type
2025-01-03 15:57:18,127 TRACE o.a.x.i.c.XBeanDebug [main] Resolving type for handle ctsheets49fdtype
2025-01-03 15:57:18,128 TRACE o.a.x.i.c.XBeanDebug [main] Resolving type for handle ctsheet4dbetype
2025-01-03 15:57:18,130 TRACE o.a.x.i.c.XBeanDebug [main] Resolving type for handle strelationshipid1e94type
2025-01-03 15:57:18,132 TRACE o.a.x.i.c.XBeanDebug [main] Resolving type for handle worksheetf539doctype
2025-01-03 15:57:18,137 TRACE o.a.x.i.c.XBeanDebug [main] Resolving type for handle ctworksheet530dtype
2025-01-03 15:57:18,142 TRACE o.a.x.i.c.XBeanDebug [main] Resolving type for handle ctcols627ctype
2025-01-03 15:57:18,151 TRACE o.a.x.i.c.XBeanDebug [main] Resolving type for handle ctsheetdata8408type
2025-01-03 15:57:18,153 TRACE o.a.x.i.c.XBeanDebug [main] Resolving type for handle ctrowdd39type
2025-01-03 15:57:18,156 TRACE o.a.x.i.c.XBeanDebug [main] Resolving type for handle ctcell842btype
2025-01-03 15:57:18,159 TRACE o.a.x.i.c.XBeanDebug [main] Resolving type for handle stcellrefe4e0type
2025-01-03 15:57:18,165 TRACE o.a.x.i.c.XBeanDebug [main] Resolving type for handle ctdefinednamesce48type
2025-01-03 15:57:18,167 TRACE o.a.x.i.c.XBeanDebug [main] Resolving type for handle ctbookviewsb864type
2025-01-03 15:57:18,169 TRACE o.a.x.i.c.XBeanDebug [main] Resolving type for handle ctbookviewf677type
2025-01-03 15:57:18,171 TRACE o.a.x.i.c.XBeanDebug [main] Resolving type for handle stcelltypebf95type
2025-01-03 15:57:18,173 TRACE o.a.x.i.c.XBeanDebug [main] Resolving type for handle stxstringf179type
2025-01-03 15:57:18,178 TRACE o.a.x.i.c.XBeanDebug [main] Resolving type for handle stcellstylexfid70c7type
2025-01-03 15:57:18,180 TRACE o.a.x.i.c.XBeanDebug [main] Resolving type for handle stnumfmtid76fbtype
2025-01-03 16:00:28,095 DEBUG o.a.p.o.o.PackageRelationshipCollection [main] Parsing relationship: /xl/_rels/workbook.xml.rels
2025-01-03 16:00:28,099 DEBUG o.a.p.o.o.PackageRelationshipCollection [main] Parsing relationship: /xl/worksheets/_rels/sheet1.xml.rels
2025-01-03 16:00:28,100 DEBUG o.a.p.o.o.PackageRelationshipCollection [main] Parsing relationship: /_rels/.rels
2025-01-03 16:00:28,194 TRACE o.a.x.i.c.XBeanDebug [main] Loading type system org.apache.poi.schemas.ooxml.system.ooxml
2025-01-03 16:00:28,197 TRACE o.a.x.i.c.XBeanDebug [main] Loading type system org.apache.xmlbeans.metadata.system.sXMLCONFIG
2025-01-03 16:00:28,197 TRACE o.a.x.i.c.XBeanDebug [main] Loading type system org.apache.xmlbeans.metadata.system.sXMLLANG
2025-01-03 16:00:28,198 TRACE o.a.x.i.c.XBeanDebug [main] Loading type system org.apache.xmlbeans.metadata.system.sXMLSCHEMA
2025-01-03 16:00:28,198 TRACE o.a.x.i.c.XBeanDebug [main] Loading type system org.apache.xmlbeans.metadata.system.sXMLTOOLS
2025-01-03 16:00:28,198 TRACE o.a.x.i.c.XBeanDebug [main] Reading unresolved handles for type system org.apache.xmlbeans.metadata.system.sXMLTOOLS
2025-01-03 16:00:28,205 TRACE o.a.x.i.c.XBeanDebug [main] Finished loading type system org.apache.xmlbeans.metadata.system.sXMLTOOLS
2025-01-03 16:00:28,205 TRACE o.a.x.i.c.XBeanDebug [main] Reading unresolved handles for type system org.apache.xmlbeans.metadata.system.sXMLSCHEMA
2025-01-03 16:00:28,209 TRACE o.a.x.i.c.XBeanDebug [main] Finished loading type system org.apache.xmlbeans.metadata.system.sXMLSCHEMA
2025-01-03 16:00:28,209 TRACE o.a.x.i.c.XBeanDebug [main] Reading unresolved handles for type system org.apache.xmlbeans.metadata.system.sXMLLANG
2025-01-03 16:00:28,210 TRACE o.a.x.i.c.XBeanDebug [main] Finished loading type system org.apache.xmlbeans.metadata.system.sXMLLANG
2025-01-03 16:00:28,210 TRACE o.a.x.i.c.XBeanDebug [main] Reading unresolved handles for type system org.apache.xmlbeans.metadata.system.sXMLCONFIG
2025-01-03 16:00:28,211 TRACE o.a.x.i.c.XBeanDebug [main] Finished loading type system org.apache.xmlbeans.metadata.system.sXMLCONFIG
2025-01-03 16:00:28,211 TRACE o.a.x.i.c.XBeanDebug [main] Reading unresolved handles for type system org.apache.poi.schemas.ooxml.system.ooxml
2025-01-03 16:00:28,248 TRACE o.a.x.i.c.XBeanDebug [main] Finished loading type system org.apache.poi.schemas.ooxml.system.ooxml
2025-01-03 16:00:28,249 TRACE o.a.x.i.c.XBeanDebug [main] Resolving type for handle themefd26doctype
2025-01-03 16:00:28,277 TRACE o.a.x.i.c.XBeanDebug [main] Resolving type for handle stylesheet5d8bdoctype
2025-01-03 16:00:28,282 TRACE o.a.x.i.c.XBeanDebug [main] Resolving type for handle ctstylesheet4257type
2025-01-03 16:00:28,284 TRACE o.a.x.i.c.XBeanDebug [main] Resolving type for handle ctfonts6623type
2025-01-03 16:00:28,286 TRACE o.a.x.i.c.XBeanDebug [main] Resolving type for handle ctfont14d8type
2025-01-03 16:00:28,290 TRACE o.a.x.i.c.XBeanDebug [main] Resolving type for handle ctfills2c6ftype
2025-01-03 16:00:28,291 TRACE o.a.x.i.c.XBeanDebug [main] Resolving type for handle ctfill550ctype
2025-01-03 16:00:28,292 TRACE o.a.x.i.c.XBeanDebug [main] Resolving type for handle ctborders0d66type
2025-01-03 16:00:28,294 TRACE o.a.x.i.c.XBeanDebug [main] Resolving type for handle ctborderf935type
2025-01-03 16:00:28,296 TRACE o.a.x.i.c.XBeanDebug [main] Resolving type for handle ctcellxfs1322type
2025-01-03 16:00:28,297 TRACE o.a.x.i.c.XBeanDebug [main] Resolving type for handle ctxf97f7type
2025-01-03 16:00:28,299 TRACE o.a.x.i.c.XBeanDebug [main] Resolving type for handle ctcellstylexfsa81ftype
2025-01-03 16:00:28,300 TRACE o.a.x.i.c.XBeanDebug [main] Resolving type for handle ctdxfsb26atype
2025-01-03 16:00:28,302 TRACE o.a.x.i.c.XBeanDebug [main] Resolving type for handle sstf81fdoctype
2025-01-03 16:00:28,304 TRACE o.a.x.i.c.XBeanDebug [main] Resolving type for handle ctsst44f3type
2025-01-03 16:00:28,310 TRACE o.a.x.i.c.XBeanDebug [main] Resolving type for handle ctrsta472type
2025-01-03 16:00:28,324 TRACE o.a.x.i.c.XBeanDebug [main] Resolving type for handle ctdrawing2748type
2025-01-03 16:00:28,327 TRACE o.a.x.i.c.XBeanDebug [main] Resolving type for handle workbookec17doctype
2025-01-03 16:00:28,330 TRACE o.a.x.i.c.XBeanDebug [main] Resolving type for handle ctworkbook83c3type
2025-01-03 16:00:28,333 TRACE o.a.x.i.c.XBeanDebug [main] Resolving type for handle ctsheets49fdtype
2025-01-03 16:00:28,334 TRACE o.a.x.i.c.XBeanDebug [main] Resolving type for handle ctsheet4dbetype
2025-01-03 16:00:28,334 TRACE o.a.x.i.c.XBeanDebug [main] Resolving type for handle strelationshipid1e94type
2025-01-03 16:00:28,336 TRACE o.a.x.i.c.XBeanDebug [main] Resolving type for handle worksheetf539doctype
2025-01-03 16:00:28,341 TRACE o.a.x.i.c.XBeanDebug [main] Resolving type for handle ctworksheet530dtype
2025-01-03 16:00:28,347 TRACE o.a.x.i.c.XBeanDebug [main] Resolving type for handle ctcols627ctype
2025-01-03 16:00:28,355 TRACE o.a.x.i.c.XBeanDebug [main] Resolving type for handle ctsheetdata8408type
2025-01-03 16:00:28,356 TRACE o.a.x.i.c.XBeanDebug [main] Resolving type for handle ctrowdd39type
2025-01-03 16:00:28,359 TRACE o.a.x.i.c.XBeanDebug [main] Resolving type for handle ctcell842btype
2025-01-03 16:00:28,363 TRACE o.a.x.i.c.XBeanDebug [main] Resolving type for handle stcellrefe4e0type
2025-01-03 16:00:28,368 TRACE o.a.x.i.c.XBeanDebug [main] Resolving type for handle ctdefinednamesce48type
2025-01-03 16:00:28,371 TRACE o.a.x.i.c.XBeanDebug [main] Resolving type for handle ctbookviewsb864type
2025-01-03 16:00:28,372 TRACE o.a.x.i.c.XBeanDebug [main] Resolving type for handle ctbookviewf677type
2025-01-03 16:00:28,375 TRACE o.a.x.i.c.XBeanDebug [main] Resolving type for handle stcelltypebf95type
2025-01-03 16:00:28,377 TRACE o.a.x.i.c.XBeanDebug [main] Resolving type for handle stxstringf179type
2025-01-03 16:00:28,382 TRACE o.a.x.i.c.XBeanDebug [main] Resolving type for handle stcellstylexfid70c7type
2025-01-03 16:00:28,384 TRACE o.a.x.i.c.XBeanDebug [main] Resolving type for handle stnumfmtid76fbtype
2025-01-04 02:42:41,064 DEBUG o.a.p.o.o.PackageRelationshipCollection [main] Parsing relationship: /xl/_rels/workbook.xml.rels
2025-01-04 02:42:41,068 DEBUG o.a.p.o.o.PackageRelationshipCollection [main] Parsing relationship: /xl/worksheets/_rels/sheet1.xml.rels
2025-01-04 02:42:41,069 DEBUG o.a.p.o.o.PackageRelationshipCollection [main] Parsing relationship: /_rels/.rels
2025-01-04 02:42:41,182 TRACE o.a.x.i.c.XBeanDebug [main] Loading type system org.apache.poi.schemas.ooxml.system.ooxml
2025-01-04 02:42:41,184 TRACE o.a.x.i.c.XBeanDebug [main] Loading type system org.apache.xmlbeans.metadata.system.sXMLCONFIG
2025-01-04 02:42:41,185 TRACE o.a.x.i.c.XBeanDebug [main] Loading type system org.apache.xmlbeans.metadata.system.sXMLLANG
2025-01-04 02:42:41,185 TRACE o.a.x.i.c.XBeanDebug [main] Loading type system org.apache.xmlbeans.metadata.system.sXMLSCHEMA
2025-01-04 02:42:41,185 TRACE o.a.x.i.c.XBeanDebug [main] Loading type system org.apache.xmlbeans.metadata.system.sXMLTOOLS
2025-01-04 02:42:41,186 TRACE o.a.x.i.c.XBeanDebug [main] Reading unresolved handles for type system org.apache.xmlbeans.metadata.system.sXMLTOOLS
2025-01-04 02:42:41,194 TRACE o.a.x.i.c.XBeanDebug [main] Finished loading type system org.apache.xmlbeans.metadata.system.sXMLTOOLS
2025-01-04 02:42:41,195 TRACE o.a.x.i.c.XBeanDebug [main] Reading unresolved handles for type system org.apache.xmlbeans.metadata.system.sXMLSCHEMA
2025-01-04 02:42:41,197 TRACE o.a.x.i.c.XBeanDebug [main] Finished loading type system org.apache.xmlbeans.metadata.system.sXMLSCHEMA
2025-01-04 02:42:41,198 TRACE o.a.x.i.c.XBeanDebug [main] Reading unresolved handles for type system org.apache.xmlbeans.metadata.system.sXMLLANG
2025-01-04 02:42:41,198 TRACE o.a.x.i.c.XBeanDebug [main] Finished loading type system org.apache.xmlbeans.metadata.system.sXMLLANG
2025-01-04 02:42:41,199 TRACE o.a.x.i.c.XBeanDebug [main] Reading unresolved handles for type system org.apache.xmlbeans.metadata.system.sXMLCONFIG
2025-01-04 02:42:41,199 TRACE o.a.x.i.c.XBeanDebug [main] Finished loading type system org.apache.xmlbeans.metadata.system.sXMLCONFIG
2025-01-04 02:42:41,200 TRACE o.a.x.i.c.XBeanDebug [main] Reading unresolved handles for type system org.apache.poi.schemas.ooxml.system.ooxml
2025-01-04 02:42:41,227 TRACE o.a.x.i.c.XBeanDebug [main] Finished loading type system org.apache.poi.schemas.ooxml.system.ooxml
2025-01-04 02:42:41,228 TRACE o.a.x.i.c.XBeanDebug [main] Resolving type for handle themefd26doctype
2025-01-04 02:42:41,261 TRACE o.a.x.i.c.XBeanDebug [main] Resolving type for handle stylesheet5d8bdoctype
2025-01-04 02:42:41,266 TRACE o.a.x.i.c.XBeanDebug [main] Resolving type for handle ctstylesheet4257type
2025-01-04 02:42:41,268 TRACE o.a.x.i.c.XBeanDebug [main] Resolving type for handle ctfonts6623type
2025-01-04 02:42:41,271 TRACE o.a.x.i.c.XBeanDebug [main] Resolving type for handle ctfont14d8type
2025-01-04 02:42:41,275 TRACE o.a.x.i.c.XBeanDebug [main] Resolving type for handle ctfills2c6ftype
2025-01-04 02:42:41,277 TRACE o.a.x.i.c.XBeanDebug [main] Resolving type for handle ctfill550ctype
2025-01-04 02:42:41,278 TRACE o.a.x.i.c.XBeanDebug [main] Resolving type for handle ctborders0d66type
2025-01-04 02:42:41,280 TRACE o.a.x.i.c.XBeanDebug [main] Resolving type for handle ctborderf935type
2025-01-04 02:42:41,283 TRACE o.a.x.i.c.XBeanDebug [main] Resolving type for handle ctcellxfs1322type
2025-01-04 02:42:41,285 TRACE o.a.x.i.c.XBeanDebug [main] Resolving type for handle ctxf97f7type
2025-01-04 02:42:41,287 TRACE o.a.x.i.c.XBeanDebug [main] Resolving type for handle ctcellstylexfsa81ftype
2025-01-04 02:42:41,289 TRACE o.a.x.i.c.XBeanDebug [main] Resolving type for handle ctdxfsb26atype
2025-01-04 02:42:41,290 TRACE o.a.x.i.c.XBeanDebug [main] Resolving type for handle sstf81fdoctype
2025-01-04 02:42:41,294 TRACE o.a.x.i.c.XBeanDebug [main] Resolving type for handle ctsst44f3type
2025-01-04 02:42:41,300 TRACE o.a.x.i.c.XBeanDebug [main] Resolving type for handle ctrsta472type
2025-01-04 02:42:41,314 TRACE o.a.x.i.c.XBeanDebug [main] Resolving type for handle ctdrawing2748type
2025-01-04 02:42:41,317 TRACE o.a.x.i.c.XBeanDebug [main] Resolving type for handle workbookec17doctype
2025-01-04 02:42:41,321 TRACE o.a.x.i.c.XBeanDebug [main] Resolving type for handle ctworkbook83c3type
2025-01-04 02:42:41,324 TRACE o.a.x.i.c.XBeanDebug [main] Resolving type for handle ctsheets49fdtype
2025-01-04 02:42:41,325 TRACE o.a.x.i.c.XBeanDebug [main] Resolving type for handle ctsheet4dbetype
2025-01-04 02:42:41,327 TRACE o.a.x.i.c.XBeanDebug [main] Resolving type for handle strelationshipid1e94type
2025-01-04 02:42:41,329 TRACE o.a.x.i.c.XBeanDebug [main] Resolving type for handle worksheetf539doctype
2025-01-04 02:42:41,333 TRACE o.a.x.i.c.XBeanDebug [main] Resolving type for handle ctworksheet530dtype
2025-01-04 02:42:41,339 TRACE o.a.x.i.c.XBeanDebug [main] Resolving type for handle ctcols627ctype
2025-01-04 02:42:41,346 TRACE o.a.x.i.c.XBeanDebug [main] Resolving type for handle ctsheetdata8408type
2025-01-04 02:42:41,350 TRACE o.a.x.i.c.XBeanDebug [main] Resolving type for handle ctrowdd39type
2025-01-04 02:42:41,357 TRACE o.a.x.i.c.XBeanDebug [main] Resolving type for handle ctcell842btype
2025-01-04 02:42:41,364 TRACE o.a.x.i.c.XBeanDebug [main] Resolving type for handle stcellrefe4e0type
2025-01-04 02:42:41,369 TRACE o.a.x.i.c.XBeanDebug [main] Resolving type for handle ctdefinednamesce48type
2025-01-04 02:42:41,373 TRACE o.a.x.i.c.XBeanDebug [main] Resolving type for handle ctbookviewsb864type
2025-01-04 02:42:41,374 TRACE o.a.x.i.c.XBeanDebug [main] Resolving type for handle ctbookviewf677type
2025-01-04 02:42:41,378 TRACE o.a.x.i.c.XBeanDebug [main] Resolving type for handle stcelltypebf95type
2025-01-04 02:42:41,381 TRACE o.a.x.i.c.XBeanDebug [main] Resolving type for handle stxstringf179type
2025-01-04 02:42:41,385 TRACE o.a.x.i.c.XBeanDebug [main] Resolving type for handle stcellstylexfid70c7type
2025-01-04 02:42:41,387 TRACE o.a.x.i.c.XBeanDebug [main] Resolving type for handle stnumfmtid76fbtype
2025-01-04 02:42:55,688 DEBUG o.a.p.o.o.PackageRelationshipCollection [main] Parsing relationship: /xl/_rels/workbook.xml.rels
2025-01-04 02:42:55,692 DEBUG o.a.p.o.o.PackageRelationshipCollection [main] Parsing relationship: /xl/worksheets/_rels/sheet1.xml.rels
2025-01-04 02:42:55,694 DEBUG o.a.p.o.o.PackageRelationshipCollection [main] Parsing relationship: /_rels/.rels
2025-01-04 02:42:55,790 TRACE o.a.x.i.c.XBeanDebug [main] Loading type system org.apache.poi.schemas.ooxml.system.ooxml
2025-01-04 02:42:55,792 TRACE o.a.x.i.c.XBeanDebug [main] Loading type system org.apache.xmlbeans.metadata.system.sXMLCONFIG
2025-01-04 02:42:55,793 TRACE o.a.x.i.c.XBeanDebug [main] Loading type system org.apache.xmlbeans.metadata.system.sXMLLANG
2025-01-04 02:42:55,793 TRACE o.a.x.i.c.XBeanDebug [main] Loading type system org.apache.xmlbeans.metadata.system.sXMLSCHEMA
2025-01-04 02:42:55,794 TRACE o.a.x.i.c.XBeanDebug [main] Loading type system org.apache.xmlbeans.metadata.system.sXMLTOOLS
2025-01-04 02:42:55,794 TRACE o.a.x.i.c.XBeanDebug [main] Reading unresolved handles for type system org.apache.xmlbeans.metadata.system.sXMLTOOLS
2025-01-04 02:42:55,801 TRACE o.a.x.i.c.XBeanDebug [main] Finished loading type system org.apache.xmlbeans.metadata.system.sXMLTOOLS
2025-01-04 02:42:55,802 TRACE o.a.x.i.c.XBeanDebug [main] Reading unresolved handles for type system org.apache.xmlbeans.metadata.system.sXMLSCHEMA
2025-01-04 02:42:55,805 TRACE o.a.x.i.c.XBeanDebug [main] Finished loading type system org.apache.xmlbeans.metadata.system.sXMLSCHEMA
2025-01-04 02:42:55,806 TRACE o.a.x.i.c.XBeanDebug [main] Reading unresolved handles for type system org.apache.xmlbeans.metadata.system.sXMLLANG
2025-01-04 02:42:55,807 TRACE o.a.x.i.c.XBeanDebug [main] Finished loading type system org.apache.xmlbeans.metadata.system.sXMLLANG
2025-01-04 02:42:55,807 TRACE o.a.x.i.c.XBeanDebug [main] Reading unresolved handles for type system org.apache.xmlbeans.metadata.system.sXMLCONFIG
2025-01-04 02:42:55,808 TRACE o.a.x.i.c.XBeanDebug [main] Finished loading type system org.apache.xmlbeans.metadata.system.sXMLCONFIG
2025-01-04 02:42:55,808 TRACE o.a.x.i.c.XBeanDebug [main] Reading unresolved handles for type system org.apache.poi.schemas.ooxml.system.ooxml
2025-01-04 02:42:55,836 TRACE o.a.x.i.c.XBeanDebug [main] Finished loading type system org.apache.poi.schemas.ooxml.system.ooxml
2025-01-04 02:42:55,837 TRACE o.a.x.i.c.XBeanDebug [main] Resolving type for handle themefd26doctype
2025-01-04 02:42:55,864 TRACE o.a.x.i.c.XBeanDebug [main] Resolving type for handle stylesheet5d8bdoctype
2025-01-04 02:42:55,867 TRACE o.a.x.i.c.XBeanDebug [main] Resolving type for handle ctstylesheet4257type
2025-01-04 02:42:55,870 TRACE o.a.x.i.c.XBeanDebug [main] Resolving type for handle ctfonts6623type
2025-01-04 02:42:55,872 TRACE o.a.x.i.c.XBeanDebug [main] Resolving type for handle ctfont14d8type
2025-01-04 02:42:55,875 TRACE o.a.x.i.c.XBeanDebug [main] Resolving type for handle ctfills2c6ftype
2025-01-04 02:42:55,876 TRACE o.a.x.i.c.XBeanDebug [main] Resolving type for handle ctfill550ctype
2025-01-04 02:42:55,877 TRACE o.a.x.i.c.XBeanDebug [main] Resolving type for handle ctborders0d66type
2025-01-04 02:42:55,878 TRACE o.a.x.i.c.XBeanDebug [main] Resolving type for handle ctborderf935type
2025-01-04 02:42:55,880 TRACE o.a.x.i.c.XBeanDebug [main] Resolving type for handle ctcellxfs1322type
2025-01-04 02:42:55,881 TRACE o.a.x.i.c.XBeanDebug [main] Resolving type for handle ctxf97f7type
2025-01-04 02:42:55,883 TRACE o.a.x.i.c.XBeanDebug [main] Resolving type for handle ctcellstylexfsa81ftype
2025-01-04 02:42:55,884 TRACE o.a.x.i.c.XBeanDebug [main] Resolving type for handle ctdxfsb26atype
2025-01-04 02:42:55,885 TRACE o.a.x.i.c.XBeanDebug [main] Resolving type for handle sstf81fdoctype
2025-01-04 02:42:55,888 TRACE o.a.x.i.c.XBeanDebug [main] Resolving type for handle ctsst44f3type
2025-01-04 02:42:55,894 TRACE o.a.x.i.c.XBeanDebug [main] Resolving type for handle ctrsta472type
2025-01-04 02:42:55,906 TRACE o.a.x.i.c.XBeanDebug [main] Resolving type for handle ctdrawing2748type
2025-01-04 02:42:55,910 TRACE o.a.x.i.c.XBeanDebug [main] Resolving type for handle workbookec17doctype
2025-01-04 02:42:55,912 TRACE o.a.x.i.c.XBeanDebug [main] Resolving type for handle ctworkbook83c3type
2025-01-04 02:42:55,915 TRACE o.a.x.i.c.XBeanDebug [main] Resolving type for handle ctsheets49fdtype
2025-01-04 02:42:55,916 TRACE o.a.x.i.c.XBeanDebug [main] Resolving type for handle ctsheet4dbetype
2025-01-04 02:42:55,917 TRACE o.a.x.i.c.XBeanDebug [main] Resolving type for handle strelationshipid1e94type
2025-01-04 02:42:55,919 TRACE o.a.x.i.c.XBeanDebug [main] Resolving type for handle worksheetf539doctype
2025-01-04 02:42:55,927 TRACE o.a.x.i.c.XBeanDebug [main] Resolving type for handle ctworksheet530dtype
2025-01-04 02:42:55,938 TRACE o.a.x.i.c.XBeanDebug [main] Resolving type for handle ctcols627ctype
2025-01-04 02:42:55,950 TRACE o.a.x.i.c.XBeanDebug [main] Resolving type for handle ctsheetdata8408type
2025-01-04 02:42:55,953 TRACE o.a.x.i.c.XBeanDebug [main] Resolving type for handle ctrowdd39type
2025-01-04 02:42:55,958 TRACE o.a.x.i.c.XBeanDebug [main] Resolving type for handle ctcell842btype
2025-01-04 02:42:55,964 TRACE o.a.x.i.c.XBeanDebug [main] Resolving type for handle stcellrefe4e0type
2025-01-04 02:42:55,969 TRACE o.a.x.i.c.XBeanDebug [main] Resolving type for handle ctdefinednamesce48type
2025-01-04 02:42:55,971 TRACE o.a.x.i.c.XBeanDebug [main] Resolving type for handle ctbookviewsb864type
2025-01-04 02:42:55,973 TRACE o.a.x.i.c.XBeanDebug [main] Resolving type for handle ctbookviewf677type
2025-01-04 02:42:55,975 TRACE o.a.x.i.c.XBeanDebug [main] Resolving type for handle stcelltypebf95type
2025-01-04 02:42:55,977 TRACE o.a.x.i.c.XBeanDebug [main] Resolving type for handle stxstringf179type
2025-01-04 02:42:55,983 TRACE o.a.x.i.c.XBeanDebug [main] Resolving type for handle stcellstylexfid70c7type
2025-01-04 02:42:55,985 TRACE o.a.x.i.c.XBeanDebug [main] Resolving type for handle stnumfmtid76fbtype
2025-01-04 02:50:37,919 DEBUG o.a.p.o.o.PackageRelationshipCollection [main] Parsing relationship: /xl/_rels/workbook.xml.rels
2025-01-04 02:50:37,923 DEBUG o.a.p.o.o.PackageRelationshipCollection [main] Parsing relationship: /xl/worksheets/_rels/sheet1.xml.rels
2025-01-04 02:50:37,924 DEBUG o.a.p.o.o.PackageRelationshipCollection [main] Parsing relationship: /_rels/.rels
2025-01-04 02:50:38,020 TRACE o.a.x.i.c.XBeanDebug [main] Loading type system org.apache.poi.schemas.ooxml.system.ooxml
2025-01-04 02:50:38,022 TRACE o.a.x.i.c.XBeanDebug [main] Loading type system org.apache.xmlbeans.metadata.system.sXMLCONFIG
2025-01-04 02:50:38,023 TRACE o.a.x.i.c.XBeanDebug [main] Loading type system org.apache.xmlbeans.metadata.system.sXMLLANG
2025-01-04 02:50:38,023 TRACE o.a.x.i.c.XBeanDebug [main] Loading type system org.apache.xmlbeans.metadata.system.sXMLSCHEMA
2025-01-04 02:50:38,023 TRACE o.a.x.i.c.XBeanDebug [main] Loading type system org.apache.xmlbeans.metadata.system.sXMLTOOLS
2025-01-04 02:50:38,024 TRACE o.a.x.i.c.XBeanDebug [main] Reading unresolved handles for type system org.apache.xmlbeans.metadata.system.sXMLTOOLS
2025-01-04 02:50:38,030 TRACE o.a.x.i.c.XBeanDebug [main] Finished loading type system org.apache.xmlbeans.metadata.system.sXMLTOOLS
2025-01-04 02:50:38,031 TRACE o.a.x.i.c.XBeanDebug [main] Reading unresolved handles for type system org.apache.xmlbeans.metadata.system.sXMLSCHEMA
2025-01-04 02:50:38,034 TRACE o.a.x.i.c.XBeanDebug [main] Finished loading type system org.apache.xmlbeans.metadata.system.sXMLSCHEMA
2025-01-04 02:50:38,034 TRACE o.a.x.i.c.XBeanDebug [main] Reading unresolved handles for type system org.apache.xmlbeans.metadata.system.sXMLLANG
2025-01-04 02:50:38,035 TRACE o.a.x.i.c.XBeanDebug [main] Finished loading type system org.apache.xmlbeans.metadata.system.sXMLLANG
2025-01-04 02:50:38,035 TRACE o.a.x.i.c.XBeanDebug [main] Reading unresolved handles for type system org.apache.xmlbeans.metadata.system.sXMLCONFIG
2025-01-04 02:50:38,036 TRACE o.a.x.i.c.XBeanDebug [main] Finished loading type system org.apache.xmlbeans.metadata.system.sXMLCONFIG
2025-01-04 02:50:38,036 TRACE o.a.x.i.c.XBeanDebug [main] Reading unresolved handles for type system org.apache.poi.schemas.ooxml.system.ooxml
2025-01-04 02:50:38,066 TRACE o.a.x.i.c.XBeanDebug [main] Finished loading type system org.apache.poi.schemas.ooxml.system.ooxml
2025-01-04 02:50:38,067 TRACE o.a.x.i.c.XBeanDebug [main] Resolving type for handle themefd26doctype
2025-01-04 02:50:38,096 TRACE o.a.x.i.c.XBeanDebug [main] Resolving type for handle stylesheet5d8bdoctype
2025-01-04 02:50:38,100 TRACE o.a.x.i.c.XBeanDebug [main] Resolving type for handle ctstylesheet4257type
2025-01-04 02:50:38,103 TRACE o.a.x.i.c.XBeanDebug [main] Resolving type for handle ctfonts6623type
2025-01-04 02:50:38,104 TRACE o.a.x.i.c.XBeanDebug [main] Resolving type for handle ctfont14d8type
2025-01-04 02:50:38,107 TRACE o.a.x.i.c.XBeanDebug [main] Resolving type for handle ctfills2c6ftype
2025-01-04 02:50:38,108 TRACE o.a.x.i.c.XBeanDebug [main] Resolving type for handle ctfill550ctype
2025-01-04 02:50:38,109 TRACE o.a.x.i.c.XBeanDebug [main] Resolving type for handle ctborders0d66type
2025-01-04 02:50:38,111 TRACE o.a.x.i.c.XBeanDebug [main] Resolving type for handle ctborderf935type
2025-01-04 02:50:38,112 TRACE o.a.x.i.c.XBeanDebug [main] Resolving type for handle ctcellxfs1322type
2025-01-04 02:50:38,114 TRACE o.a.x.i.c.XBeanDebug [main] Resolving type for handle ctxf97f7type
2025-01-04 02:50:38,116 TRACE o.a.x.i.c.XBeanDebug [main] Resolving type for handle ctcellstylexfsa81ftype
2025-01-04 02:50:38,117 TRACE o.a.x.i.c.XBeanDebug [main] Resolving type for handle ctdxfsb26atype
2025-01-04 02:50:38,119 TRACE o.a.x.i.c.XBeanDebug [main] Resolving type for handle sstf81fdoctype
2025-01-04 02:50:38,122 TRACE o.a.x.i.c.XBeanDebug [main] Resolving type for handle ctsst44f3type
2025-01-04 02:50:38,127 TRACE o.a.x.i.c.XBeanDebug [main] Resolving type for handle ctrsta472type
2025-01-04 02:50:38,140 TRACE o.a.x.i.c.XBeanDebug [main] Resolving type for handle ctdrawing2748type
2025-01-04 02:50:38,143 TRACE o.a.x.i.c.XBeanDebug [main] Resolving type for handle workbookec17doctype
2025-01-04 02:50:38,146 TRACE o.a.x.i.c.XBeanDebug [main] Resolving type for handle ctworkbook83c3type
2025-01-04 02:50:38,149 TRACE o.a.x.i.c.XBeanDebug [main] Resolving type for handle ctsheets49fdtype
2025-01-04 02:50:38,150 TRACE o.a.x.i.c.XBeanDebug [main] Resolving type for handle ctsheet4dbetype
2025-01-04 02:50:38,151 TRACE o.a.x.i.c.XBeanDebug [main] Resolving type for handle strelationshipid1e94type
2025-01-04 02:50:38,152 TRACE o.a.x.i.c.XBeanDebug [main] Resolving type for handle worksheetf539doctype
2025-01-04 02:50:38,157 TRACE o.a.x.i.c.XBeanDebug [main] Resolving type for handle ctworksheet530dtype
2025-01-04 02:50:38,163 TRACE o.a.x.i.c.XBeanDebug [main] Resolving type for handle ctcols627ctype
2025-01-04 02:50:38,171 TRACE o.a.x.i.c.XBeanDebug [main] Resolving type for handle ctsheetdata8408type
2025-01-04 02:50:38,172 TRACE o.a.x.i.c.XBeanDebug [main] Resolving type for handle ctrowdd39type
2025-01-04 02:50:38,176 TRACE o.a.x.i.c.XBeanDebug [main] Resolving type for handle ctcell842btype
2025-01-04 02:50:38,179 TRACE o.a.x.i.c.XBeanDebug [main] Resolving type for handle stcellrefe4e0type
2025-01-04 02:50:38,184 TRACE o.a.x.i.c.XBeanDebug [main] Resolving type for handle ctdefinednamesce48type
2025-01-04 02:50:38,188 TRACE o.a.x.i.c.XBeanDebug [main] Resolving type for handle ctbookviewsb864type
2025-01-04 02:50:38,189 TRACE o.a.x.i.c.XBeanDebug [main] Resolving type for handle ctbookviewf677type
2025-01-04 02:50:38,191 TRACE o.a.x.i.c.XBeanDebug [main] Resolving type for handle stcelltypebf95type
2025-01-04 02:50:38,193 TRACE o.a.x.i.c.XBeanDebug [main] Resolving type for handle stxstringf179type
2025-01-04 02:50:38,197 TRACE o.a.x.i.c.XBeanDebug [main] Resolving type for handle stcellstylexfid70c7type
2025-01-04 02:50:38,200 TRACE o.a.x.i.c.XBeanDebug [main] Resolving type for handle stnumfmtid76fbtype
2025-01-04 03:35:41,960 DEBUG o.a.p.o.o.PackageRelationshipCollection [main] Parsing relationship: /xl/_rels/workbook.xml.rels
2025-01-04 03:35:41,964 DEBUG o.a.p.o.o.PackageRelationshipCollection [main] Parsing relationship: /xl/worksheets/_rels/sheet1.xml.rels
2025-01-04 03:35:41,965 DEBUG o.a.p.o.o.PackageRelationshipCollection [main] Parsing relationship: /_rels/.rels
2025-01-04 03:35:42,066 TRACE o.a.x.i.c.XBeanDebug [main] Loading type system org.apache.poi.schemas.ooxml.system.ooxml
2025-01-04 03:35:42,068 TRACE o.a.x.i.c.XBeanDebug [main] Loading type system org.apache.xmlbeans.metadata.system.sXMLCONFIG
2025-01-04 03:35:42,068 TRACE o.a.x.i.c.XBeanDebug [main] Loading type system org.apache.xmlbeans.metadata.system.sXMLLANG
2025-01-04 03:35:42,069 TRACE o.a.x.i.c.XBeanDebug [main] Loading type system org.apache.xmlbeans.metadata.system.sXMLSCHEMA
2025-01-04 03:35:42,069 TRACE o.a.x.i.c.XBeanDebug [main] Loading type system org.apache.xmlbeans.metadata.system.sXMLTOOLS
2025-01-04 03:35:42,070 TRACE o.a.x.i.c.XBeanDebug [main] Reading unresolved handles for type system org.apache.xmlbeans.metadata.system.sXMLTOOLS
2025-01-04 03:35:42,081 TRACE o.a.x.i.c.XBeanDebug [main] Finished loading type system org.apache.xmlbeans.metadata.system.sXMLTOOLS
2025-01-04 03:35:42,081 TRACE o.a.x.i.c.XBeanDebug [main] Reading unresolved handles for type system org.apache.xmlbeans.metadata.system.sXMLSCHEMA
2025-01-04 03:35:42,086 TRACE o.a.x.i.c.XBeanDebug [main] Finished loading type system org.apache.xmlbeans.metadata.system.sXMLSCHEMA
2025-01-04 03:35:42,087 TRACE o.a.x.i.c.XBeanDebug [main] Reading unresolved handles for type system org.apache.xmlbeans.metadata.system.sXMLLANG
2025-01-04 03:35:42,089 TRACE o.a.x.i.c.XBeanDebug [main] Finished loading type system org.apache.xmlbeans.metadata.system.sXMLLANG
2025-01-04 03:35:42,090 TRACE o.a.x.i.c.XBeanDebug [main] Reading unresolved handles for type system org.apache.xmlbeans.metadata.system.sXMLCONFIG
2025-01-04 03:35:42,091 TRACE o.a.x.i.c.XBeanDebug [main] Finished loading type system org.apache.xmlbeans.metadata.system.sXMLCONFIG
2025-01-04 03:35:42,091 TRACE o.a.x.i.c.XBeanDebug [main] Reading unresolved handles for type system org.apache.poi.schemas.ooxml.system.ooxml
2025-01-04 03:35:42,120 TRACE o.a.x.i.c.XBeanDebug [main] Finished loading type system org.apache.poi.schemas.ooxml.system.ooxml
2025-01-04 03:35:42,120 TRACE o.a.x.i.c.XBeanDebug [main] Resolving type for handle themefd26doctype
2025-01-04 03:35:42,150 TRACE o.a.x.i.c.XBeanDebug [main] Resolving type for handle stylesheet5d8bdoctype
2025-01-04 03:35:42,154 TRACE o.a.x.i.c.XBeanDebug [main] Resolving type for handle ctstylesheet4257type
2025-01-04 03:35:42,156 TRACE o.a.x.i.c.XBeanDebug [main] Resolving type for handle ctfonts6623type
2025-01-04 03:35:42,158 TRACE o.a.x.i.c.XBeanDebug [main] Resolving type for handle ctfont14d8type
2025-01-04 03:35:42,161 TRACE o.a.x.i.c.XBeanDebug [main] Resolving type for handle ctfills2c6ftype
2025-01-04 03:35:42,163 TRACE o.a.x.i.c.XBeanDebug [main] Resolving type for handle ctfill550ctype
2025-01-04 03:35:42,164 TRACE o.a.x.i.c.XBeanDebug [main] Resolving type for handle ctborders0d66type
2025-01-04 03:35:42,165 TRACE o.a.x.i.c.XBeanDebug [main] Resolving type for handle ctborderf935type
2025-01-04 03:35:42,168 TRACE o.a.x.i.c.XBeanDebug [main] Resolving type for handle ctcellxfs1322type
2025-01-04 03:35:42,170 TRACE o.a.x.i.c.XBeanDebug [main] Resolving type for handle ctxf97f7type
2025-01-04 03:35:42,172 TRACE o.a.x.i.c.XBeanDebug [main] Resolving type for handle ctcellstylexfsa81ftype
2025-01-04 03:35:42,173 TRACE o.a.x.i.c.XBeanDebug [main] Resolving type for handle ctdxfsb26atype
2025-01-04 03:35:42,174 TRACE o.a.x.i.c.XBeanDebug [main] Resolving type for handle sstf81fdoctype
2025-01-04 03:35:42,178 TRACE o.a.x.i.c.XBeanDebug [main] Resolving type for handle ctsst44f3type
2025-01-04 03:35:42,183 TRACE o.a.x.i.c.XBeanDebug [main] Resolving type for handle ctrsta472type
2025-01-04 03:35:42,197 TRACE o.a.x.i.c.XBeanDebug [main] Resolving type for handle ctdrawing2748type
2025-01-04 03:35:42,200 TRACE o.a.x.i.c.XBeanDebug [main] Resolving type for handle workbookec17doctype
2025-01-04 03:35:42,203 TRACE o.a.x.i.c.XBeanDebug [main] Resolving type for handle ctworkbook83c3type
2025-01-04 03:35:42,206 TRACE o.a.x.i.c.XBeanDebug [main] Resolving type for handle ctsheets49fdtype
2025-01-04 03:35:42,206 TRACE o.a.x.i.c.XBeanDebug [main] Resolving type for handle ctsheet4dbetype
2025-01-04 03:35:42,208 TRACE o.a.x.i.c.XBeanDebug [main] Resolving type for handle strelationshipid1e94type
2025-01-04 03:35:42,211 TRACE o.a.x.i.c.XBeanDebug [main] Resolving type for handle worksheetf539doctype
2025-01-04 03:35:42,218 TRACE o.a.x.i.c.XBeanDebug [main] Resolving type for handle ctworksheet530dtype
2025-01-04 03:35:42,227 TRACE o.a.x.i.c.XBeanDebug [main] Resolving type for handle ctcols627ctype
2025-01-04 03:35:42,237 TRACE o.a.x.i.c.XBeanDebug [main] Resolving type for handle ctsheetdata8408type
2025-01-04 03:35:42,241 TRACE o.a.x.i.c.XBeanDebug [main] Resolving type for handle ctrowdd39type
2025-01-04 03:35:42,250 TRACE o.a.x.i.c.XBeanDebug [main] Resolving type for handle ctcell842btype
2025-01-04 03:35:42,254 TRACE o.a.x.i.c.XBeanDebug [main] Resolving type for handle stcellrefe4e0type
2025-01-04 03:35:42,260 TRACE o.a.x.i.c.XBeanDebug [main] Resolving type for handle ctdefinednamesce48type
2025-01-04 03:35:42,263 TRACE o.a.x.i.c.XBeanDebug [main] Resolving type for handle ctbookviewsb864type
2025-01-04 03:35:42,264 TRACE o.a.x.i.c.XBeanDebug [main] Resolving type for handle ctbookviewf677type
2025-01-04 03:35:42,266 TRACE o.a.x.i.c.XBeanDebug [main] Resolving type for handle stcelltypebf95type
2025-01-04 03:35:42,269 TRACE o.a.x.i.c.XBeanDebug [main] Resolving type for handle stxstringf179type
2025-01-04 03:35:42,274 TRACE o.a.x.i.c.XBeanDebug [main] Resolving type for handle stcellstylexfid70c7type
2025-01-04 03:35:42,276 TRACE o.a.x.i.c.XBeanDebug [main] Resolving type for handle stnumfmtid76fbtype
2025-01-04 05:16:10,695 TRACE o.a.x.i.c.XBeanDebug [main] Loading type system org.apache.poi.schemas.ooxml.system.ooxml
2025-01-04 05:16:10,701 TRACE o.a.x.i.c.XBeanDebug [main] Loading type system org.apache.xmlbeans.metadata.system.sXMLCONFIG
2025-01-04 05:16:10,701 TRACE o.a.x.i.c.XBeanDebug [main] Loading type system org.apache.xmlbeans.metadata.system.sXMLLANG
2025-01-04 05:16:10,702 TRACE o.a.x.i.c.XBeanDebug [main] Loading type system org.apache.xmlbeans.metadata.system.sXMLSCHEMA
2025-01-04 05:16:10,702 TRACE o.a.x.i.c.XBeanDebug [main] Loading type system org.apache.xmlbeans.metadata.system.sXMLTOOLS
2025-01-04 05:16:10,703 TRACE o.a.x.i.c.XBeanDebug [main] Reading unresolved handles for type system org.apache.xmlbeans.metadata.system.sXMLTOOLS
2025-01-04 05:16:10,709 TRACE o.a.x.i.c.XBeanDebug [main] Finished loading type system org.apache.xmlbeans.metadata.system.sXMLTOOLS
2025-01-04 05:16:10,710 TRACE o.a.x.i.c.XBeanDebug [main] Reading unresolved handles for type system org.apache.xmlbeans.metadata.system.sXMLSCHEMA
2025-01-04 05:16:10,714 TRACE o.a.x.i.c.XBeanDebug [main] Finished loading type system org.apache.xmlbeans.metadata.system.sXMLSCHEMA
2025-01-04 05:16:10,715 TRACE o.a.x.i.c.XBeanDebug [main] Reading unresolved handles for type system org.apache.xmlbeans.metadata.system.sXMLLANG
2025-01-04 05:16:10,715 TRACE o.a.x.i.c.XBeanDebug [main] Finished loading type system org.apache.xmlbeans.metadata.system.sXMLLANG
2025-01-04 05:16:10,716 TRACE o.a.x.i.c.XBeanDebug [main] Reading unresolved handles for type system org.apache.xmlbeans.metadata.system.sXMLCONFIG
2025-01-04 05:16:10,717 TRACE o.a.x.i.c.XBeanDebug [main] Finished loading type system org.apache.xmlbeans.metadata.system.sXMLCONFIG
2025-01-04 05:16:10,717 TRACE o.a.x.i.c.XBeanDebug [main] Reading unresolved handles for type system org.apache.poi.schemas.ooxml.system.ooxml
2025-01-04 05:16:10,751 TRACE o.a.x.i.c.XBeanDebug [main] Finished loading type system org.apache.poi.schemas.ooxml.system.ooxml
2025-01-04 05:16:10,751 TRACE o.a.x.i.c.XBeanDebug [main] Resolving type for handle ctworkbook83c3type
2025-01-04 05:16:10,773 TRACE o.a.x.i.c.XBeanDebug [main] Resolving type for handle ctworkbookpr03a5type
2025-01-04 05:16:10,778 TRACE o.a.x.i.c.XBeanDebug [main] Resolving type for handle ctbookviewsb864type
2025-01-04 05:16:10,779 TRACE o.a.x.i.c.XBeanDebug [main] Resolving type for handle ctbookviewf677type
2025-01-04 05:16:10,783 TRACE o.a.x.i.c.XBeanDebug [main] Resolving type for handle ctsheets49fdtype
2025-01-04 05:16:10,785 TRACE o.a.x.i.c.XBeanDebug [main] Resolving type for handle propertiesee84doctype
2025-01-04 05:16:10,785 TRACE o.a.x.i.c.XBeanDebug [main] Resolving type for handle ctproperties3f10type
2025-01-04 05:16:10,789 TRACE o.a.x.i.c.XBeanDebug [main] Resolving type for handle properties288cdoctype
2025-01-04 05:16:10,790 TRACE o.a.x.i.c.XBeanDebug [main] Resolving type for handle ctproperties2c18type
2025-01-04 05:16:10,793 TRACE o.a.x.i.c.XBeanDebug [main] Resolving type for handle sstf81fdoctype
2025-01-04 05:16:10,794 TRACE o.a.x.i.c.XBeanDebug [main] Resolving type for handle ctsst44f3type
2025-01-04 05:16:10,796 TRACE o.a.x.i.c.XBeanDebug [main] Resolving type for handle stylesheet5d8bdoctype
2025-01-04 05:16:10,797 TRACE o.a.x.i.c.XBeanDebug [main] Resolving type for handle ctstylesheet4257type
2025-01-04 05:16:10,799 TRACE o.a.x.i.c.XBeanDebug [main] Resolving type for handle ctfont14d8type
2025-01-04 05:16:10,802 TRACE o.a.x.i.c.XBeanDebug [main] Resolving type for handle ctfontsizeb3b9type
2025-01-04 05:16:10,803 TRACE o.a.x.i.c.XBeanDebug [main] Resolving type for handle ctcolord2c2type
2025-01-04 05:16:10,804 TRACE o.a.x.i.c.XBeanDebug [main] Resolving type for handle ctfontname2dc3type
2025-01-04 05:16:10,805 TRACE o.a.x.i.c.XBeanDebug [main] Resolving type for handle stxstringf179type
2025-01-04 05:16:10,806 TRACE o.a.x.i.c.XBeanDebug [main] Resolving type for handle ctfontfamily685ctype
2025-01-04 05:16:10,807 TRACE o.a.x.i.c.XBeanDebug [main] Resolving type for handle stfontfamily9c6ctype
2025-01-04 05:16:10,809 TRACE o.a.x.i.c.XBeanDebug [main] Resolving type for handle ctfontschemebf5dtype
2025-01-04 05:16:10,810 TRACE o.a.x.i.c.XBeanDebug [main] Resolving type for handle stfontschemef36dtype
2025-01-04 05:16:10,812 TRACE o.a.x.i.c.XBeanDebug [main] Resolving type for handle ctfill550ctype
2025-01-04 05:16:10,813 TRACE o.a.x.i.c.XBeanDebug [main] Resolving type for handle ctpatternfill7452type
2025-01-04 05:16:10,815 TRACE o.a.x.i.c.XBeanDebug [main] Resolving type for handle stpatterntype7939type
2025-01-04 05:16:10,816 TRACE o.a.x.i.c.XBeanDebug [main] Resolving type for handle ctborderf935type
2025-01-04 05:16:10,818 TRACE o.a.x.i.c.XBeanDebug [main] Resolving type for handle ctborderpre497type
2025-01-04 05:16:10,820 TRACE o.a.x.i.c.XBeanDebug [main] Resolving type for handle ctxf97f7type
2025-01-04 05:16:10,822 TRACE o.a.x.i.c.XBeanDebug [main] Resolving type for handle stnumfmtid76fbtype
2025-01-04 05:16:10,823 TRACE o.a.x.i.c.XBeanDebug [main] Resolving type for handle stfontid9d63type
2025-01-04 05:16:10,824 TRACE o.a.x.i.c.XBeanDebug [main] Resolving type for handle stfillida097type
2025-01-04 05:16:10,825 TRACE o.a.x.i.c.XBeanDebug [main] Resolving type for handle stborderid1a80type
2025-01-04 05:16:10,825 TRACE o.a.x.i.c.XBeanDebug [main] Resolving type for handle stcellstylexfid70c7type
2025-01-04 05:16:10,828 TRACE o.a.x.i.c.XBeanDebug [main] Resolving type for handle ctsheet4dbetype
2025-01-04 05:16:10,830 TRACE o.a.x.i.c.XBeanDebug [main] Resolving type for handle ctworksheet530dtype
2025-01-04 05:16:10,833 TRACE o.a.x.i.c.XBeanDebug [main] Resolving type for handle ctsheetformatprdef7type
2025-01-04 05:16:10,835 TRACE o.a.x.i.c.XBeanDebug [main] Resolving type for handle ctsheetviewsb918type
2025-01-04 05:16:10,837 TRACE o.a.x.i.c.XBeanDebug [main] Resolving type for handle ctsheetview0f43type
2025-01-04 05:16:10,840 TRACE o.a.x.i.c.XBeanDebug [main] Resolving type for handle ctsheetdimensiond310type
2025-01-04 05:16:10,840 TRACE o.a.x.i.c.XBeanDebug [main] Resolving type for handle stref90a2type
2025-01-04 05:16:10,841 TRACE o.a.x.i.c.XBeanDebug [main] Resolving type for handle ctsheetdata8408type
2025-01-04 05:16:10,842 TRACE o.a.x.i.c.XBeanDebug [main] Resolving type for handle ctpagemargins5455type
2025-01-04 05:16:10,845 TRACE o.a.x.i.c.XBeanDebug [main] Resolving type for handle ctcols627ctype
2025-01-04 05:16:10,846 TRACE o.a.x.i.c.XBeanDebug [main] Resolving type for handle strelationshipid1e94type
2025-01-04 05:16:10,847 TRACE o.a.x.i.c.XBeanDebug [main] Resolving type for handle ctrowdd39type
2025-01-04 05:16:10,850 TRACE o.a.x.i.c.XBeanDebug [main] Resolving type for handle ctcell842btype
2025-01-04 05:16:10,859 TRACE o.a.x.i.c.XBeanDebug [main] Resolving type for handle stcellrefe4e0type
2025-01-04 05:16:10,861 TRACE o.a.x.i.c.XBeanDebug [main] Resolving type for handle ctrsta472type
2025-01-04 05:16:10,863 TRACE o.a.x.i.c.XBeanDebug [main] Resolving type for handle stcelltypebf95type
2025-01-04 05:16:10,879 TRACE o.a.x.i.c.XBeanDebug [main] Resolving type for handle ctnumfmtsb58btype
2025-01-04 05:16:10,880 TRACE o.a.x.i.c.XBeanDebug [main] Resolving type for handle ctfonts6623type
2025-01-04 05:16:10,882 TRACE o.a.x.i.c.XBeanDebug [main] Resolving type for handle ctfills2c6ftype
2025-01-04 05:16:10,883 TRACE o.a.x.i.c.XBeanDebug [main] Resolving type for handle ctborders0d66type
2025-01-04 05:16:10,884 TRACE o.a.x.i.c.XBeanDebug [main] Resolving type for handle ctcellxfs1322type
2025-01-04 05:16:10,885 TRACE o.a.x.i.c.XBeanDebug [main] Resolving type for handle ctcellstylexfsa81ftype
2025-01-04 05:16:10,896 DEBUG o.a.p.o.o.ZipPackage [main] Save core properties part
2025-01-04 05:16:10,896 DEBUG o.a.p.o.o.ZipPackage [main] Save content types part
2025-01-04 05:16:10,946 DEBUG o.a.p.o.o.ZipPackage [main] Save package relationships
2025-01-04 05:16:10,959 DEBUG o.a.p.o.o.ZipPackage [main] Save part 'docProps/app.xml'
2025-01-04 05:16:10,962 DEBUG o.a.p.o.o.ZipPackage [main] Save part 'docProps/core.xml'
2025-01-04 05:16:10,967 DEBUG o.a.p.o.o.ZipPackage [main] Save part 'xl/sharedStrings.xml'
2025-01-04 05:16:10,967 DEBUG o.a.p.o.o.ZipPackage [main] Save part 'xl/styles.xml'
2025-01-04 05:16:10,967 DEBUG o.a.p.o.o.ZipPackage [main] Save part 'xl/workbook.xml'
2025-01-04 05:16:10,969 DEBUG o.a.p.o.o.ZipPackage [main] Save part 'xl/worksheets/sheet1.xml'
2025-01-04 05:16:11,089 DEBUG o.a.p.o.o.ZipPackage [main] Save content types part
2025-01-04 05:16:11,090 DEBUG o.a.p.o.o.ZipPackage [main] Save package relationships
2025-01-04 05:16:11,091 DEBUG o.a.p.o.o.ZipPackage [main] Save part 'docProps/app.xml'
2025-01-04 05:16:11,091 DEBUG o.a.p.o.o.ZipPackage [main] Save part 'docProps/core.xml'
2025-01-04 05:16:11,092 DEBUG o.a.p.o.o.ZipPackage [main] Save part 'xl/sharedStrings.xml'
2025-01-04 05:16:11,092 DEBUG o.a.p.o.o.ZipPackage [main] Save part 'xl/styles.xml'
2025-01-04 05:16:11,093 DEBUG o.a.p.o.o.ZipPackage [main] Save part 'xl/workbook.xml'
2025-01-04 05:16:11,093 DEBUG o.a.p.o.o.ZipPackage [main] Save part 'xl/worksheets/sheet1.xml'
2025-01-04 07:41:02,265 INFO G.googlewalkthrough [main] User is in prepare
2025-01-04 07:41:02,268 INFO G.googlewalkthrough [main] This is a info message
2025-01-04 07:41:02,268 ERROR G.googlewalkthrough [main] This is a error message
2025-01-04 07:41:02,268 WARN G.googlewalkthrough [main] This is a warn message
2025-01-04 07:41:02,268 FATAL G.googlewalkthrough [main] This is a warn message
2025-01-04 17:14:49,640 INFO G.googlewalkthrough [main] User is in prepare
2025-01-04 17:14:49,644 INFO G.googlewalkthrough [main] This is a info message
2025-01-04 17:14:49,644 ERROR G.googlewalkthrough [main] This is a error message
2025-01-04 17:14:49,644 WARN G.googlewalkthrough [main] This is a warn message
2025-01-04 17:14:49,644 FATAL G.googlewalkthrough [main] This is a warn message
2025-01-04 17:30:49,131 INFO G.googlewalkthrough [main] User is in prepare
2025-01-04 17:30:49,135 INFO G.googlewalkthrough [main] This is a info message
2025-01-04 17:30:49,135 ERROR G.googlewalkthrough [main] This is a error message
2025-01-04 17:30:49,135 WARN G.googlewalkthrough [main] This is a warn message
2025-01-04 17:30:49,135 FATAL G.googlewalkthrough [main] This is a warn message
2025-01-05 11:38:01,389 INFO H.headlessBrowser [main] User access the Google
2025-01-05 11:38:01,460 INFO H.headlessBrowser [main] User passing the text to the textarea
2025-01-05 11:42:35,859 INFO H.headlessBrowser [main] User access the Google
2025-01-05 11:42:35,915 INFO H.headlessBrowser [main] User passing the text to the textarea
2025-01-05 11:43:21,920 INFO H.headlessBrowser [main] User access the Google
2025-01-05 11:43:21,977 INFO H.headlessBrowser [main] User passing the text to the textarea
2025-01-05 15:49:13,567 INFO G.googlewalkthrough [main] User is in prepare
2025-01-05 15:49:13,570 INFO G.googlewalkthrough [main] This is a info message
2025-01-05 15:49:13,570 ERROR G.googlewalkthrough [main] This is a error message
2025-01-05 15:49:13,571 WARN G.googlewalkthrough [main] This is a warn message
2025-01-05 15:49:13,571 FATAL G.googlewalkthrough [main] This is a warn message
2025-01-05 15:56:30,543 INFO G.googlewalkthrough [main] User is in prepare
2025-01-05 15:56:30,565 INFO G.googlewalkthrough [main] This is a info message
2025-01-05 15:56:30,566 ERROR G.googlewalkthrough [main] This is a error message
2025-01-05 15:56:30,566 WARN G.googlewalkthrough [main] This is a warn message
2025-01-05 15:56:30,566 FATAL G.googlewalkthrough [main] This is a warn message
2025-01-05 16:22:18,184 INFO PlayGround.playGround [main] User start the RUN case
2025-01-05 16:22:20,326 INFO PlayGround.playGround [main] Finish UAT Test 1
2025-01-05 16:22:20,577 INFO PlayGround.playGround [main] Finish UAT Test 2
2025-01-05 16:22:20,808 INFO PlayGround.playGround [main] Finish UAT Test 3
2025-01-05 16:26:23,564 INFO PlayGround.playGround [main] User start the RUN case
2025-01-05 16:26:25,721 INFO PlayGround.playGround [main] Finish Test 4
2025-01-05 16:26:26,016 INFO PlayGround.playGround [main] User END the case
2025-01-05 16:26:51,446 INFO PlayGround.playGround [main] User start the RUN case
2025-01-05 16:26:53,257 INFO PlayGround.playGround [main] Finish Test 4
2025-01-05 16:26:53,476 INFO PlayGround.playGround [main] User END the case
2025-01-05 16:30:57,424 INFO PlayGround.playGround [main] User start the RUN case
2025-01-05 16:30:59,704 INFO PlayGround.playGround [main] Finish UAT Test 1
2025-01-05 16:31:00,428 INFO PlayGround.playGround [main] Finish UAT Test 2
2025-01-05 16:31:00,677 INFO PlayGround.playGround [main] Finish UAT Test 3
2025-01-05 16:31:00,698 INFO PlayGround.playGround [main] Finish Test 4
2025-01-05 16:31:00,860 INFO PlayGround.playGround [main] User END the case
2025-01-05 16:36:36,341 INFO PlayGround.playGround [main] User start the RUN case
2025-01-05 16:36:38,860 INFO PlayGround.playGround [main] Finish UAT Test 1
2025-01-05 16:36:39,025 INFO PlayGround.playGround [main] User END the case
2025-01-05 16:36:39,219 INFO PlayGround.playGround [main] User start the RUN case
2025-01-05 16:36:41,149 INFO PlayGround.playGround [main] Finish UAT Test 2
2025-01-05 16:36:41,224 INFO PlayGround.playGround [main] User END the case
2025-01-05 16:36:41,299 INFO PlayGround.playGround [main] User start the RUN case
2025-01-05 16:36:43,888 INFO PlayGround.playGround [main] Finish UAT Test 3
2025-01-05 16:36:43,978 INFO PlayGround.playGround [main] User END the case
2025-01-05 16:36:44,039 INFO PlayGround.playGround [main] User start the RUN case
2025-01-05 16:36:45,615 INFO PlayGround.playGround [main] Finish Test 4
2025-01-05 16:36:45,716 INFO PlayGround.playGround [main] User END the case
2025-01-05 16:40:28,747 INFO PlayGround.playGround [main] User start the RUN case
2025-01-05 16:40:30,913 INFO PlayGround.playGround [main] Finish UAT Test 1
2025-01-05 16:40:31,193 INFO PlayGround.playGround [main] Finish UAT Test 2
2025-01-05 16:40:31,458 INFO PlayGround.playGround [main] Finish UAT Test 3
2025-01-05 16:40:31,473 INFO PlayGround.playGround [main] Finish Test 4
2025-01-05 16:40:31,631 INFO PlayGround.playGround [main] User END the case
2025-01-05 16:41:57,916 INFO PlayGround.playGround [main] User start the RUN case
2025-01-05 16:42:00,149 INFO PlayGround.playGround [main] Finish UAT Test 1
2025-01-05 16:42:00,603 INFO PlayGround.playGround [main] Finish UAT Test 2
2025-01-05 16:42:00,823 INFO PlayGround.playGround [main] Finish UAT Test 3
2025-01-05 16:42:00,838 INFO PlayGround.playGround [main] Finish Test 4
2025-01-05 16:42:01,013 INFO PlayGround.playGround [main] User END the case
2025-01-05 16:42:07,090 INFO PlayGround.playGround [main] User start the RUN case
2025-01-05 16:42:09,124 INFO PlayGround.playGround [main] Finish UAT Test 1
2025-01-05 16:42:09,312 INFO PlayGround.playGround [main] Finish UAT Test 2
2025-01-05 16:42:09,330 INFO PlayGround.playGround [main] Finish Test 4
2025-01-05 16:45:43,236 INFO PlayGround.playGround [main] User start the RUN case
2025-01-05 16:45:45,616 INFO PlayGround.playGround [main] Finish UAT Test 1
2025-01-05 16:45:45,954 INFO PlayGround.playGround [main] Finish UAT Test 2
2025-01-05 16:45:46,259 INFO PlayGround.playGround [main] Finish UAT Test 3
2025-01-05 16:45:46,274 INFO PlayGround.playGround [main] Finish Test 4
2025-01-05 16:45:46,488 INFO PlayGround.playGround [main] User END the case
2025-01-05 16:46:14,320 INFO PlayGround.playGround [main] User start the RUN case
2025-01-05 16:46:16,424 INFO PlayGround.playGround [main] Finish UAT Test 1
2025-01-05 16:46:16,718 INFO PlayGround.playGround [main] Finish UAT Test 2
2025-01-05 16:46:16,737 INFO PlayGround.playGround [main] Finish Test 4
2025-01-05 16:48:47,736 INFO PlayGround.playGround [main] User start the RUN case
2025-01-05 16:48:50,364 INFO PlayGround.playGround [main] Finish UAT Test 1
2025-01-05 16:48:50,951 INFO PlayGround.playGround [main] Finish UAT Test 2
2025-01-05 16:48:51,373 INFO PlayGround.playGround [main] Finish UAT Test 3
2025-01-05 16:48:51,409 INFO PlayGround.playGround [main] Finish Test 4
2025-01-05 16:48:51,566 INFO PlayGround.playGround [main] User END the case
2025-01-05 16:50:14,008 INFO PlayGround.playGround [main] User start the RUN case
2025-01-05 16:50:16,308 INFO PlayGround.playGround [main] Finish UAT Test 1
2025-01-05 16:50:16,633 INFO PlayGround.playGround [main] Finish UAT Test 2
2025-01-05 16:50:16,871 INFO PlayGround.playGround [main] Finish UAT Test 3
2025-01-05 16:50:17,173 INFO PlayGround.playGround [main] Finish UAT Test 3
2025-01-05 16:50:17,344 INFO PlayGround.playGround [main] Finish UAT Test 3
2025-01-05 16:50:17,497 INFO PlayGround.playGround [main] Finish UAT Test 3
2025-01-05 16:50:17,520 INFO PlayGround.playGround [main] Finish Test 4
2025-01-05 16:50:17,680 INFO PlayGround.playGround [main] User END the case
2025-01-05 16:50:32,045 INFO PlayGround.playGround [main] User start the RUN case
2025-01-05 16:50:33,986 INFO PlayGround.playGround [main] Finish UAT Test 1
2025-01-05 16:50:34,153 INFO PlayGround.playGround [main] Finish UAT Test 2
2025-01-05 16:50:34,169 INFO PlayGround.playGround [main] Finish Test 4
2025-01-06 03:41:59,077 INFO PlayGround.playGround [main] User start the RUN case
2025-01-06 03:42:03,187 INFO PlayGround.playGround [main] Finish UAT Test 1
2025-01-06 03:42:03,706 INFO PlayGround.playGround [main] Finish UAT Test 2
2025-01-06 03:42:03,721 INFO PlayGround.playGround [main] Finish Test 4
2025-01-06 03:42:03,725 INFO PlayGround.playGround [main] User start the RUN case
2025-01-06 03:42:05,447 INFO PlayGround.playGround [main] Finish UAT Test 1
2025-01-06 03:42:05,637 INFO PlayGround.playGround [main] Finish UAT Test 2
2025-01-06 03:42:05,657 INFO PlayGround.playGround [main] Finish Test 4
2025-01-06 03:42:39,439 INFO PlayGround.playGround [main] User start the RUN case
2025-01-06 03:42:41,761 INFO PlayGround.playGround [main] Finish UAT Test 1
2025-01-06 03:42:42,255 INFO PlayGround.playGround [main] Finish UAT Test 2
2025-01-06 03:42:42,277 INFO PlayGround.playGround [main] Finish Test 4
2025-01-06 03:42:42,280 INFO PlayGround.playGround [main] User start the RUN case
2025-01-06 03:42:43,800 INFO PlayGround.playGround [main] Finish UAT Test 1
2025-01-06 03:42:43,966 INFO PlayGround.playGround [main] Finish UAT Test 2
2025-01-06 03:42:43,986 INFO PlayGround.playGround [main] Finish Test 4
2025-01-06 03:48:05,887 INFO PlayGround.playGround [main] User start the RUN case
2025-01-06 03:48:08,583 INFO PlayGround.playGround [main] Finish UAT Test 1
2025-01-06 03:48:08,846 INFO PlayGround.playGround [main] Finish UAT Test 2
2025-01-06 03:48:08,866 INFO PlayGround.playGround [main] Finish Test 4
2025-01-06 03:48:08,868 INFO PlayGround.playGround [main] User start the RUN case
2025-01-06 03:48:10,734 INFO PlayGround.playGround [main] Finish UAT Test 1
2025-01-06 03:48:10,902 INFO PlayGround.playGround [main] Finish UAT Test 2
2025-01-06 03:48:10,924 INFO PlayGround.playGround [main] Finish Test 4
2025-01-06 03:50:04,312 INFO PlayGround.playGround [main] User start the RUN case
2025-01-06 03:50:06,375 INFO PlayGround.playGround [main] Finish UAT Test 1
2025-01-06 03:50:06,704 INFO PlayGround.playGround [main] Finish UAT Test 2
2025-01-06 03:50:07,074 INFO PlayGround.playGround [main] Finish UAT Test 3
2025-01-06 03:50:07,374 INFO PlayGround.playGround [main] Finish UAT Test 3
2025-01-06 03:50:07,527 INFO PlayGround.playGround [main] Finish UAT Test 3
2025-01-06 03:50:07,673 INFO PlayGround.playGround [main] Finish UAT Test 3
2025-01-06 03:50:07,691 INFO PlayGround.playGround [main] Finish Test 4
2025-01-06 03:50:08,126 INFO PlayGround.playGround [main] User END the case
2025-01-06 05:05:27,960 INFO P.playGround [main] User start the RUN case
2025-01-06 05:05:30,623 INFO P.playGround [main] Finish Test 6
2025-01-06 05:05:30,700 INFO P.playGround [main] Finish Test 4
2025-01-06 05:05:30,874 INFO P.playGround [main] User END the case
2025-01-06 05:06:06,772 INFO P.playGround [main] User start the RUN case
2025-01-06 05:06:08,928 INFO P.playGround [main] Finish UAT Test 1
2025-01-06 05:06:09,367 INFO P.playGround [main] Finish UAT Test 2
2025-01-06 05:06:09,714 INFO P.playGround [main] Finish UAT Test 3
2025-01-06 05:06:09,995 INFO P.playGround [main] Finish UAT Test 3
2025-01-06 05:06:10,144 INFO P.playGround [main] Finish UAT Test 3
2025-01-06 05:06:10,301 INFO P.playGround [main] Finish UAT Test 3
2025-01-06 05:06:10,325 INFO P.playGround [main] Finish Test 4
2025-01-06 05:06:10,955 INFO P.playGround [main] Finish Test 6
2025-01-06 05:06:11,110 INFO P.playGround [main] User END the case
2025-01-06 05:12:45,466 INFO P.playGround [main] User start the RUN case
2025-01-06 05:12:47,579 INFO P.playGround [main] Finish UAT Test 1
2025-01-06 05:12:47,862 INFO P.playGround [main] Finish UAT Test 2
2025-01-06 05:12:48,146 INFO P.playGround [main] Finish UAT Test 3
2025-01-06 05:12:48,373 INFO P.playGround [main] Finish UAT Test 3
2025-01-06 05:12:48,508 INFO P.playGround [main] Finish UAT Test 3
2025-01-06 05:12:48,664 INFO P.playGround [main] Finish UAT Test 3
2025-01-06 05:12:48,694 INFO P.playGround [main] Finish Test 4
2025-01-06 05:12:49,430 INFO P.playGround [main] Finish Test 6
2025-01-06 05:12:49,614 INFO P.playGround [main] User END the case
2025-01-06 05:13:18,585 INFO P.playGround [main] User start the RUN case
2025-01-06 05:13:22,327 INFO P.playGround [main] Finish UAT Test 1
2025-01-06 05:13:22,600 INFO P.playGround [main] Finish UAT Test 2
2025-01-06 05:13:22,621 INFO P.playGround [main] Finish Test 4
2025-01-06 05:13:22,624 INFO P.playGround [main] User start the RUN case
2025-01-06 05:13:24,368 INFO P.playGround [main] Finish UAT Test 1
2025-01-06 05:13:24,540 INFO P.playGround [main] Finish UAT Test 2
2025-01-06 05:13:24,556 INFO P.playGround [main] Finish Test 4
2025-01-06 05:29:01,298 INFO P.playGround [main] User start the RUN case
2025-01-06 05:29:03,843 INFO P.playGround [main] Finish UAT Test 1
2025-01-06 05:29:04,305 INFO P.playGround [main] Finish UAT Test 2
2025-01-06 05:29:04,615 INFO P.playGround [main] Finish UAT Test 3
2025-01-06 05:29:04,905 INFO P.playGround [main] Finish UAT Test 3
2025-01-06 05:29:05,077 INFO P.playGround [main] Finish UAT Test 3
2025-01-06 05:29:05,219 INFO P.playGround [main] Finish UAT Test 3
2025-01-06 05:29:05,240 INFO P.playGround [main] Finish Test 4
2025-01-06 05:29:05,869 INFO P.playGround [main] Finish Test 6
2025-01-06 05:29:08,675 INFO P.playGround [main] User END the case
2025-01-06 05:31:21,798 INFO P.playGround [main] User start the RUN case
2025-01-06 05:31:23,979 INFO P.playGround [main] Finish UAT Test 1
2025-01-06 05:31:24,240 INFO P.playGround [main] Finish UAT Test 2
2025-01-06 05:31:24,450 INFO P.playGround [main] Finish UAT Test 3
2025-01-06 05:31:24,627 INFO P.playGround [main] Finish UAT Test 3
2025-01-06 05:31:24,778 INFO P.playGround [main] Finish UAT Test 3
2025-01-06 05:31:24,922 INFO P.playGround [main] Finish UAT Test 3
2025-01-06 05:31:24,945 INFO P.playGround [main] Finish Test 4
2025-01-06 05:31:25,535 INFO P.playGround [main] Finish Test 6
2025-01-06 05:31:27,784 INFO P.playGround [main] User END the case
2025-01-06 05:35:20,483 INFO P.playGround [main] User start the RUN case
2025-01-06 05:35:22,774 INFO P.playGround [main] Finish UAT Test 1
2025-01-06 05:35:23,098 INFO P.playGround [main] Finish UAT Test 2
2025-01-06 05:35:23,393 INFO P.playGround [main] Finish UAT Test 3
2025-01-06 05:35:23,629 INFO P.playGround [main] Finish UAT Test 3
2025-01-06 05:35:23,778 INFO P.playGround [main] Finish UAT Test 3
2025-01-06 05:35:24,011 INFO P.playGround [main] Finish UAT Test 3
2025-01-06 05:35:24,027 INFO P.playGround [main] Finish Test 4
2025-01-06 05:35:24,800 INFO P.playGround [main] Finish Test 6
2025-01-06 05:35:35,825 INFO P.playGround [main] User END the case
2025-01-06 05:35:58,634 INFO P.playGround [main] User start the RUN case
2025-01-06 05:36:00,754 INFO P.playGround [main] Finish UAT Test 1
2025-01-06 05:36:01,026 INFO P.playGround [main] Finish UAT Test 2
2025-01-06 05:36:01,285 INFO P.playGround [main] Finish UAT Test 3
2025-01-06 05:36:01,483 INFO P.playGround [main] Finish UAT Test 3
2025-01-06 05:36:01,644 INFO P.playGround [main] Finish UAT Test 3
2025-01-06 05:36:01,806 INFO P.playGround [main] Finish UAT Test 3
2025-01-06 05:36:01,825 INFO P.playGround [main] Finish Test 4
2025-01-06 05:36:02,442 INFO P.playGround [main] Finish Test 6
2025-01-06 05:36:13,511 INFO P.playGround [main] User END the case
2025-01-06 05:37:42,471 INFO P.playGround [main] User start the RUN case
2025-01-06 05:37:44,645 INFO P.playGround [main] Finish UAT Test 1
2025-01-06 05:37:44,906 INFO P.playGround [main] Finish UAT Test 2
2025-01-06 05:37:45,130 INFO P.playGround [main] Finish UAT Test 3
2025-01-06 05:37:45,344 INFO P.playGround [main] Finish UAT Test 3
2025-01-06 05:37:45,492 INFO P.playGround [main] Finish UAT Test 3
2025-01-06 05:37:45,648 INFO P.playGround [main] Finish UAT Test 3
2025-01-06 05:37:45,668 INFO P.playGround [main] Finish Test 4
2025-01-06 05:37:47,281 INFO P.playGround [main] Finish Test 6
2025-01-06 05:37:47,912 INFO P.playGround [main] Finish Test 7
2025-01-06 05:37:48,084 INFO P.playGround [main] User END the case
2025-01-06 05:42:43,279 INFO P.playGround [main] User start the RUN case
2025-01-06 05:42:46,459 INFO P.playGround [main] Finish UAT Test 1
2025-01-06 05:42:47,406 INFO P.playGround [main] Finish UAT Test 2
2025-01-06 05:42:47,949 INFO P.playGround [main] Finish UAT Test 3
2025-01-06 05:42:48,224 INFO P.playGround [main] Finish UAT Test 3
2025-01-06 05:42:48,382 INFO P.playGround [main] Finish UAT Test 3
2025-01-06 05:42:48,526 INFO P.playGround [main] Finish UAT Test 3
2025-01-06 05:42:48,546 INFO P.playGround [main] Finish Test 4
2025-01-06 05:42:49,161 INFO P.playGround [main] Finish Test 6
2025-01-06 05:42:49,276 DEBUG o.a.p.o.o.PackageRelationshipCollection [main] Parsing relationship: /xl/_rels/workbook.xml.rels
2025-01-06 05:42:49,279 DEBUG o.a.p.o.o.PackageRelationshipCollection [main] Parsing relationship: /xl/worksheets/_rels/sheet1.xml.rels
2025-01-06 05:42:49,280 DEBUG o.a.p.o.o.PackageRelationshipCollection [main] Parsing relationship: /_rels/.rels
2025-01-06 05:42:49,402 TRACE o.a.x.i.c.XBeanDebug [main] Loading type system org.apache.poi.schemas.ooxml.system.ooxml
2025-01-06 05:42:49,406 TRACE o.a.x.i.c.XBeanDebug [main] Loading type system org.apache.xmlbeans.metadata.system.sXMLCONFIG
2025-01-06 05:42:49,406 TRACE o.a.x.i.c.XBeanDebug [main] Loading type system org.apache.xmlbeans.metadata.system.sXMLLANG
2025-01-06 05:42:49,407 TRACE o.a.x.i.c.XBeanDebug [main] Loading type system org.apache.xmlbeans.metadata.system.sXMLSCHEMA
2025-01-06 05:42:49,407 TRACE o.a.x.i.c.XBeanDebug [main] Loading type system org.apache.xmlbeans.metadata.system.sXMLTOOLS
2025-01-06 05:42:49,407 TRACE o.a.x.i.c.XBeanDebug [main] Reading unresolved handles for type system org.apache.xmlbeans.metadata.system.sXMLTOOLS
2025-01-06 05:42:49,416 TRACE o.a.x.i.c.XBeanDebug [main] Finished loading type system org.apache.xmlbeans.metadata.system.sXMLTOOLS
2025-01-06 05:42:49,417 TRACE o.a.x.i.c.XBeanDebug [main] Reading unresolved handles for type system org.apache.xmlbeans.metadata.system.sXMLSCHEMA
2025-01-06 05:42:49,420 TRACE o.a.x.i.c.XBeanDebug [main] Finished loading type system org.apache.xmlbeans.metadata.system.sXMLSCHEMA
2025-01-06 05:42:49,421 TRACE o.a.x.i.c.XBeanDebug [main] Reading unresolved handles for type system org.apache.xmlbeans.metadata.system.sXMLLANG
2025-01-06 05:42:49,422 TRACE o.a.x.i.c.XBeanDebug [main] Finished loading type system org.apache.xmlbeans.metadata.system.sXMLLANG
2025-01-06 05:42:49,422 TRACE o.a.x.i.c.XBeanDebug [main] Reading unresolved handles for type system org.apache.xmlbeans.metadata.system.sXMLCONFIG
2025-01-06 05:42:49,423 TRACE o.a.x.i.c.XBeanDebug [main] Finished loading type system org.apache.xmlbeans.metadata.system.sXMLCONFIG
2025-01-06 05:42:49,423 TRACE o.a.x.i.c.XBeanDebug [main] Reading unresolved handles for type system org.apache.poi.schemas.ooxml.system.ooxml
2025-01-06 05:42:49,450 TRACE o.a.x.i.c.XBeanDebug [main] Finished loading type system org.apache.poi.schemas.ooxml.system.ooxml
2025-01-06 05:42:49,450 TRACE o.a.x.i.c.XBeanDebug [main] Resolving type for handle themefd26doctype
2025-01-06 05:42:49,486 TRACE o.a.x.i.c.XBeanDebug [main] Resolving type for handle stylesheet5d8bdoctype
2025-01-06 05:42:49,490 TRACE o.a.x.i.c.XBeanDebug [main] Resolving type for handle ctstylesheet4257type
2025-01-06 05:42:49,494 TRACE o.a.x.i.c.XBeanDebug [main] Resolving type for handle ctfonts6623type
2025-01-06 05:42:49,496 TRACE o.a.x.i.c.XBeanDebug [main] Resolving type for handle ctfont14d8type
2025-01-06 05:42:49,499 TRACE o.a.x.i.c.XBeanDebug [main] Resolving type for handle ctfills2c6ftype
2025-01-06 05:42:49,499 TRACE o.a.x.i.c.XBeanDebug [main] Resolving type for handle ctfill550ctype
2025-01-06 05:42:49,502 TRACE o.a.x.i.c.XBeanDebug [main] Resolving type for handle ctborders0d66type
2025-01-06 05:42:49,503 TRACE o.a.x.i.c.XBeanDebug [main] Resolving type for handle ctborderf935type
2025-01-06 05:42:49,505 TRACE o.a.x.i.c.XBeanDebug [main] Resolving type for handle ctcellxfs1322type
2025-01-06 05:42:49,507 TRACE o.a.x.i.c.XBeanDebug [main] Resolving type for handle ctxf97f7type
2025-01-06 05:42:49,509 TRACE o.a.x.i.c.XBeanDebug [main] Resolving type for handle ctcellstylexfsa81ftype
2025-01-06 05:42:49,510 TRACE o.a.x.i.c.XBeanDebug [main] Resolving type for handle ctdxfsb26atype
2025-01-06 05:42:49,512 TRACE o.a.x.i.c.XBeanDebug [main] Resolving type for handle sstf81fdoctype
2025-01-06 05:42:49,514 TRACE o.a.x.i.c.XBeanDebug [main] Resolving type for handle ctsst44f3type
2025-01-06 05:42:49,520 TRACE o.a.x.i.c.XBeanDebug [main] Resolving type for handle ctrsta472type
2025-01-06 05:42:49,533 TRACE o.a.x.i.c.XBeanDebug [main] Resolving type for handle ctdrawing2748type
2025-01-06 05:42:49,536 TRACE o.a.x.i.c.XBeanDebug [main] Resolving type for handle workbookec17doctype
2025-01-06 05:42:49,539 TRACE o.a.x.i.c.XBeanDebug [main] Resolving type for handle ctworkbook83c3type
2025-01-06 05:42:49,542 TRACE o.a.x.i.c.XBeanDebug [main] Resolving type for handle ctsheets49fdtype
2025-01-06 05:42:49,544 TRACE o.a.x.i.c.XBeanDebug [main] Resolving type for handle ctsheet4dbetype
2025-01-06 05:42:49,545 TRACE o.a.x.i.c.XBeanDebug [main] Resolving type for handle strelationshipid1e94type
2025-01-06 05:42:49,546 TRACE o.a.x.i.c.XBeanDebug [main] Resolving type for handle worksheetf539doctype
2025-01-06 05:42:49,551 TRACE o.a.x.i.c.XBeanDebug [main] Resolving type for handle ctworksheet530dtype
2025-01-06 05:42:49,559 TRACE o.a.x.i.c.XBeanDebug [main] Resolving type for handle ctcols627ctype
2025-01-06 05:42:49,565 TRACE o.a.x.i.c.XBeanDebug [main] Resolving type for handle ctsheetdata8408type
2025-01-06 05:42:49,567 TRACE o.a.x.i.c.XBeanDebug [main] Resolving type for handle ctrowdd39type
2025-01-06 05:42:49,570 TRACE o.a.x.i.c.XBeanDebug [main] Resolving type for handle ctcell842btype
2025-01-06 05:42:49,576 TRACE o.a.x.i.c.XBeanDebug [main] Resolving type for handle stcellrefe4e0type
2025-01-06 05:42:49,582 TRACE o.a.x.i.c.XBeanDebug [main] Resolving type for handle ctdefinednamesce48type
2025-01-06 05:42:49,585 TRACE o.a.x.i.c.XBeanDebug [main] Resolving type for handle ctbookviewsb864type
2025-01-06 05:42:49,586 TRACE o.a.x.i.c.XBeanDebug [main] Resolving type for handle ctbookviewf677type
2025-01-06 05:42:49,588 TRACE o.a.x.i.c.XBeanDebug [main] Resolving type for handle stcelltypebf95type
2025-01-06 05:42:49,590 TRACE o.a.x.i.c.XBeanDebug [main] Resolving type for handle stxstringf179type
2025-01-06 05:42:49,594 TRACE o.a.x.i.c.XBeanDebug [main] Resolving type for handle stcellstylexfid70c7type
2025-01-06 05:42:49,596 TRACE o.a.x.i.c.XBeanDebug [main] Resolving type for handle stnumfmtid76fbtype
2025-01-06 05:42:50,701 INFO P.playGround [main] Finish Test 7
2025-01-06 05:42:50,855 INFO P.playGround [main] User END the case
2025-01-06 05:43:23,041 INFO P.playGround [main] User start the RUN case
2025-01-06 05:43:25,000 INFO P.playGround [main] Finish UAT Test 1
2025-01-06 05:43:25,265 INFO P.playGround [main] Finish UAT Test 2
2025-01-06 05:43:25,484 INFO P.playGround [main] Finish UAT Test 3
2025-01-06 05:43:25,681 INFO P.playGround [main] Finish UAT Test 3
2025-01-06 05:43:25,834 INFO P.playGround [main] Finish UAT Test 3
2025-01-06 05:43:25,983 INFO P.playGround [main] Finish UAT Test 3
2025-01-06 05:43:26,003 INFO P.playGround [main] Finish Test 4
2025-01-06 05:43:26,514 INFO P.playGround [main] Finish Test 6
2025-01-06 05:43:26,605 DEBUG o.a.p.o.o.PackageRelationshipCollection [main] Parsing relationship: /xl/_rels/workbook.xml.rels
2025-01-06 05:43:26,607 DEBUG o.a.p.o.o.PackageRelationshipCollection [main] Parsing relationship: /xl/worksheets/_rels/sheet1.xml.rels
2025-01-06 05:43:26,608 DEBUG o.a.p.o.o.PackageRelationshipCollection [main] Parsing relationship: /_rels/.rels
2025-01-06 05:43:26,703 TRACE o.a.x.i.c.XBeanDebug [main] Loading type system org.apache.poi.schemas.ooxml.system.ooxml
2025-01-06 05:43:26,705 TRACE o.a.x.i.c.XBeanDebug [main] Loading type system org.apache.xmlbeans.metadata.system.sXMLCONFIG
2025-01-06 05:43:26,706 TRACE o.a.x.i.c.XBeanDebug [main] Loading type system org.apache.xmlbeans.metadata.system.sXMLLANG
2025-01-06 05:43:26,706 TRACE o.a.x.i.c.XBeanDebug [main] Loading type system org.apache.xmlbeans.metadata.system.sXMLSCHEMA
2025-01-06 05:43:26,707 TRACE o.a.x.i.c.XBeanDebug [main] Loading type system org.apache.xmlbeans.metadata.system.sXMLTOOLS
2025-01-06 05:43:26,708 TRACE o.a.x.i.c.XBeanDebug [main] Reading unresolved handles for type system org.apache.xmlbeans.metadata.system.sXMLTOOLS
2025-01-06 05:43:26,714 TRACE o.a.x.i.c.XBeanDebug [main] Finished loading type system org.apache.xmlbeans.metadata.system.sXMLTOOLS
2025-01-06 05:43:26,714 TRACE o.a.x.i.c.XBeanDebug [main] Reading unresolved handles for type system org.apache.xmlbeans.metadata.system.sXMLSCHEMA
2025-01-06 05:43:26,717 TRACE o.a.x.i.c.XBeanDebug [main] Finished loading type system org.apache.xmlbeans.metadata.system.sXMLSCHEMA
2025-01-06 05:43:26,718 TRACE o.a.x.i.c.XBeanDebug [main] Reading unresolved handles for type system org.apache.xmlbeans.metadata.system.sXMLLANG
2025-01-06 05:43:26,718 TRACE o.a.x.i.c.XBeanDebug [main] Finished loading type system org.apache.xmlbeans.metadata.system.sXMLLANG
2025-01-06 05:43:26,719 TRACE o.a.x.i.c.XBeanDebug [main] Reading unresolved handles for type system org.apache.xmlbeans.metadata.system.sXMLCONFIG
2025-01-06 05:43:26,719 TRACE o.a.x.i.c.XBeanDebug [main] Finished loading type system org.apache.xmlbeans.metadata.system.sXMLCONFIG
2025-01-06 05:43:26,720 TRACE o.a.x.i.c.XBeanDebug [main] Reading unresolved handles for type system org.apache.poi.schemas.ooxml.system.ooxml
2025-01-06 05:43:26,745 TRACE o.a.x.i.c.XBeanDebug [main] Finished loading type system org.apache.poi.schemas.ooxml.system.ooxml
2025-01-06 05:43:26,746 TRACE o.a.x.i.c.XBeanDebug [main] Resolving type for handle themefd26doctype
2025-01-06 05:43:26,778 TRACE o.a.x.i.c.XBeanDebug [main] Resolving type for handle stylesheet5d8bdoctype
2025-01-06 05:43:26,782 TRACE o.a.x.i.c.XBeanDebug [main] Resolving type for handle ctstylesheet4257type
2025-01-06 05:43:26,784 TRACE o.a.x.i.c.XBeanDebug [main] Resolving type for handle ctfonts6623type
2025-01-06 05:43:26,785 TRACE o.a.x.i.c.XBeanDebug [main] Resolving type for handle ctfont14d8type
2025-01-06 05:43:26,789 TRACE o.a.x.i.c.XBeanDebug [main] Resolving type for handle ctfills2c6ftype
2025-01-06 05:43:26,791 TRACE o.a.x.i.c.XBeanDebug [main] Resolving type for handle ctfill550ctype
2025-01-06 05:43:26,792 TRACE o.a.x.i.c.XBeanDebug [main] Resolving type for handle ctborders0d66type
2025-01-06 05:43:26,793 TRACE o.a.x.i.c.XBeanDebug [main] Resolving type for handle ctborderf935type
2025-01-06 05:43:26,795 TRACE o.a.x.i.c.XBeanDebug [main] Resolving type for handle ctcellxfs1322type
2025-01-06 05:43:26,796 TRACE o.a.x.i.c.XBeanDebug [main] Resolving type for handle ctxf97f7type
2025-01-06 05:43:26,797 TRACE o.a.x.i.c.XBeanDebug [main] Resolving type for handle ctcellstylexfsa81ftype
2025-01-06 05:43:26,798 TRACE o.a.x.i.c.XBeanDebug [main] Resolving type for handle ctdxfsb26atype
2025-01-06 05:43:26,799 TRACE o.a.x.i.c.XBeanDebug [main] Resolving type for handle sstf81fdoctype
2025-01-06 05:43:26,801 TRACE o.a.x.i.c.XBeanDebug [main] Resolving type for handle ctsst44f3type
2025-01-06 05:43:26,805 TRACE o.a.x.i.c.XBeanDebug [main] Resolving type for handle ctrsta472type
2025-01-06 05:43:26,817 TRACE o.a.x.i.c.XBeanDebug [main] Resolving type for handle ctdrawing2748type
2025-01-06 05:43:26,820 TRACE o.a.x.i.c.XBeanDebug [main] Resolving type for handle workbookec17doctype
2025-01-06 05:43:26,822 TRACE o.a.x.i.c.XBeanDebug [main] Resolving type for handle ctworkbook83c3type
2025-01-06 05:43:26,824 TRACE o.a.x.i.c.XBeanDebug [main] Resolving type for handle ctsheets49fdtype
2025-01-06 05:43:26,825 TRACE o.a.x.i.c.XBeanDebug [main] Resolving type for handle ctsheet4dbetype
2025-01-06 05:43:26,827 TRACE o.a.x.i.c.XBeanDebug [main] Resolving type for handle strelationshipid1e94type
2025-01-06 05:43:26,828 TRACE o.a.x.i.c.XBeanDebug [main] Resolving type for handle worksheetf539doctype
2025-01-06 05:43:26,831 TRACE o.a.x.i.c.XBeanDebug [main] Resolving type for handle ctworksheet530dtype
2025-01-06 05:43:26,837 TRACE o.a.x.i.c.XBeanDebug [main] Resolving type for handle ctcols627ctype
2025-01-06 05:43:26,841 TRACE o.a.x.i.c.XBeanDebug [main] Resolving type for handle ctsheetdata8408type
2025-01-06 05:43:26,843 TRACE o.a.x.i.c.XBeanDebug [main] Resolving type for handle ctrowdd39type
2025-01-06 05:43:26,846 TRACE o.a.x.i.c.XBeanDebug [main] Resolving type for handle ctcell842btype
2025-01-06 05:43:26,849 TRACE o.a.x.i.c.XBeanDebug [main] Resolving type for handle stcellrefe4e0type
2025-01-06 05:43:26,853 TRACE o.a.x.i.c.XBeanDebug [main] Resolving type for handle ctdefinednamesce48type
2025-01-06 05:43:26,855 TRACE o.a.x.i.c.XBeanDebug [main] Resolving type for handle ctbookviewsb864type
2025-01-06 05:43:26,856 TRACE o.a.x.i.c.XBeanDebug [main] Resolving type for handle ctbookviewf677type
2025-01-06 05:43:26,859 TRACE o.a.x.i.c.XBeanDebug [main] Resolving type for handle stcelltypebf95type
2025-01-06 05:43:26,861 TRACE o.a.x.i.c.XBeanDebug [main] Resolving type for handle stxstringf179type
2025-01-06 05:43:26,865 TRACE o.a.x.i.c.XBeanDebug [main] Resolving type for handle stcellstylexfid70c7type
2025-01-06 05:43:26,866 TRACE o.a.x.i.c.XBeanDebug [main] Resolving type for handle stnumfmtid76fbtype
2025-01-06 05:43:28,077 INFO P.playGround [main] Finish Test 7
2025-01-06 05:43:28,221 INFO P.playGround [main] User END the case
