[INFO ] 2025-01-02 15:54:22.084 [main] googlewalkthrough - User is in prepare
[INFO ] 2025-01-02 15:55:41.715 [main] googlewalkthrough - User is in prepare
[INFO ] 2025-01-02 15:55:41.717 [main] googlewalkthrough - This is a info message
[ERROR] 2025-01-02 15:55:41.718 [main] googlewalkthrough - This is a error message
[WARN ] 2025-01-02 15:55:41.718 [main] googlewalkthrough - This is a warn message
[FATAL] 2025-01-02 15:55:41.718 [main] googlewalkthrough - This is a warn message
[INFO ] 2025-01-02 15:56:44.011 [main] googlewalkthrough - User is in prepare
[INFO ] 2025-01-02 15:56:44.012 [main] googlewalkthrough - This is a info message
[ERROR] 2025-01-02 15:56:44.012 [main] googlewalkthrough - This is a error message
[WARN ] 2025-01-02 15:56:44.022 [main] googlewalkthrough - This is a warn message
[FATAL] 2025-01-02 15:56:44.022 [main] googlewalkthrough - This is a warn message
[INFO ] 2025-01-02 15:56:56.898 [main] googlewalkthrough - User is in prepare
[INFO ] 2025-01-02 15:56:56.901 [main] googlewalkthrough - This is a info message
[ERROR] 2025-01-02 15:56:56.901 [main] googlewalkthrough - This is a error message
[WARN ] 2025-01-02 15:56:56.901 [main] googlewalkthrough - This is a warn message
[FATAL] 2025-01-02 15:56:56.901 [main] googlewalkthrough - This is a warn message
[INFO ] 2025-01-02 15:58:08.033 [main] googlewalkthrough - User is in prepare
[INFO ] 2025-01-02 15:58:08.035 [main] googlewalkthrough - This is a info message
[ERROR] 2025-01-02 15:58:08.036 [main] googlewalkthrough - This is a error message
[WARN ] 2025-01-02 15:58:08.036 [main] googlewalkthrough - This is a warn message
[FATAL] 2025-01-02 15:58:08.036 [main] googlewalkthrough - This is a warn message
[INFO ] 2025-01-02 15:58:24.890 [main] googlewalkthrough - User is in prepare
[INFO ] 2025-01-02 15:58:24.892 [main] googlewalkthrough - This is a info message
[ERROR] 2025-01-02 15:58:24.892 [main] googlewalkthrough - This is a error message
[WARN ] 2025-01-02 15:58:24.892 [main] googlewalkthrough - This is a warn message
[FATAL] 2025-01-02 15:58:24.892 [main] googlewalkthrough - This is a warn message
[INFO ] 2025-01-02 15:58:25.293 [main] googlewalkthrough - User is in prepare
[INFO ] 2025-01-02 15:58:25.295 [main] googlewalkthrough - This is a info message
[ERROR] 2025-01-02 15:58:25.295 [main] googlewalkthrough - This is a error message
[WARN ] 2025-01-02 15:58:25.295 [main] googlewalkthrough - This is a warn message
[FATAL] 2025-01-02 15:58:25.296 [main] googlewalkthrough - This is a warn message
